Log file open, 01/25/19 17:49:59
LogWindows: Failed to load 'aqProf.dll' (GetLastError=126)
LogWindows: File 'aqProf.dll' does not exist
LogWindows: Failed to load 'VSPerf140.dll' (GetLastError=126)
LogWindows: File 'VSPerf140.dll' does not exist
LogWindows: Failed to load 'VtuneApi.dll' (GetLastError=126)
LogWindows: File 'VtuneApi.dll' does not exist
LogWindows: Failed to load 'VtuneApi32e.dll' (GetLastError=126)
LogWindows: File 'VtuneApi32e.dll' does not exist
LogInit: Display: Running engine for game: GameJam2019
LogPlatformFile: Not using cached read wrapper
LogTaskGraph: Started task graph with 5 named threads and 23 total threads with 3 sets of task threads.
LogStats: Stats thread started at 0.324961
LogD3D11RHI: Loaded GFSDK_Aftermath_Lib.x64.dll
LogICUInternationalization: Display: ICU TimeZone Detection - Raw Offset: +0:00, Platform Override: ''
LogPluginManager: Mounting plugin Paper2D
LogPluginManager: Mounting plugin AISupport
LogPluginManager: Mounting plugin LightPropagationVolume
LogPluginManager: Mounting plugin CLionSourceCodeAccess
LogPluginManager: Mounting plugin CodeLiteSourceCodeAccess
LogPluginManager: Mounting plugin GitSourceControl
LogPluginManager: Mounting plugin KDevelopSourceCodeAccess
LogPluginManager: Mounting plugin NullSourceCodeAccess
LogPluginManager: Mounting plugin PerforceSourceControl
LogPluginManager: Mounting plugin SubversionSourceControl
LogPluginManager: Mounting plugin UObjectPlugin
LogPluginManager: Mounting plugin VisualStudioCodeSourceCodeAccess
LogPluginManager: Mounting plugin VisualStudioSourceCodeAccess
LogPluginManager: Mounting plugin XCodeSourceCodeAccess
LogPluginManager: Mounting plugin AssetManagerEditor
LogPluginManager: Mounting plugin CryptoKeys
LogPluginManager: Mounting plugin DataValidation
LogPluginManager: Mounting plugin FacialAnimation
LogPluginManager: Mounting plugin GameplayTagsEditor
LogPluginManager: Mounting plugin MacGraphicsSwitching
LogPluginManager: Mounting plugin MeshEditor
LogPluginManager: Mounting plugin MobileLauncherProfileWizard
LogPluginManager: Mounting plugin PluginBrowser
LogPluginManager: Mounting plugin SpeedTreeImporter
LogPluginManager: Mounting plugin DatasmithContent
LogPluginManager: Mounting plugin AlembicImporter
LogPluginManager: Mounting plugin AppleImageUtils
LogPluginManager: Mounting plugin AppleVision
LogPluginManager: Mounting plugin BackChannel
LogPluginManager: Mounting plugin CharacterAI
LogPluginManager: Mounting plugin GeometryCache
LogPluginManager: Mounting plugin HTML5Networking
LogPluginManager: Mounting plugin ProxyLODPlugin
LogPluginManager: Mounting plugin MagicLeap
LogPluginManager: Mounting plugin MagicLeapEmulator
LogPluginManager: Mounting plugin MagicLeapMedia
LogPluginManager: Mounting plugin AndroidMedia
LogPluginManager: Mounting plugin AvfMedia
LogPluginManager: Mounting plugin ImgMedia
LogPluginManager: Mounting plugin LinearTimecode
LogPluginManager: Mounting plugin MediaCompositing
LogPluginManager: Mounting plugin MediaPlayerEditor
LogPluginManager: Mounting plugin WmfMedia
LogPluginManager: Mounting plugin TcpMessaging
LogPluginManager: Mounting plugin UdpMessaging
LogPluginManager: Mounting plugin ActorSequence
LogPluginManager: Mounting plugin LevelSequenceEditor
LogPluginManager: Mounting plugin MatineeToLevelSequence
LogPluginManager: Mounting plugin NetcodeUnitTest
LogPluginManager: Mounting plugin NUTUnrealEngine4
LogPluginManager: Mounting plugin OnlineSubsystemGooglePlay
LogPluginManager: Mounting plugin OnlineSubsystemIOS
LogPluginManager: Mounting plugin OnlineSubsystem
LogPluginManager: Mounting plugin OnlineSubsystemNull
LogPluginManager: Mounting plugin OnlineSubsystemUtils
LogPluginManager: Mounting plugin LauncherChunkInstaller
LogPluginManager: Mounting plugin AndroidDeviceProfileSelector
LogPluginManager: Mounting plugin AndroidMoviePlayer
LogPluginManager: Mounting plugin AndroidPermission
LogPluginManager: Mounting plugin AppleMoviePlayer
LogPluginManager: Mounting plugin ArchVisCharacter
LogPluginManager: Mounting plugin AudioCapture
LogPluginManager: Mounting plugin CableComponent
LogPluginManager: Mounting plugin CustomMeshComponent
LogPluginManager: Mounting plugin EditableMesh
LogPluginManager: Mounting plugin ExampleDeviceProfileSelector
LogPluginManager: Mounting plugin GoogleCloudMessaging
LogPluginManager: Mounting plugin ImmediatePhysics
LogPluginManager: Mounting plugin IOSDeviceProfileSelector
LogPluginManager: Mounting plugin LinuxDeviceProfileSelector
LogPluginManager: Mounting plugin LocationServicesBPLibrary
LogPluginManager: Mounting plugin MobilePatchingUtils
LogPluginManager: Mounting plugin OculusVR
LogPluginManager: Plugin shader directory ../../../Engine/Plugins/Runtime/Oculus/OculusVR/Shaders found
LogPluginManager: Mapping shader source directory ../../../Engine/Plugins/Runtime/Oculus/OculusVR/Shaders to virtual directory /Plugin/OculusVR
LogPluginManager: Mounting plugin PhysXVehicles
LogPluginManager: Mounting plugin ProceduralMeshComponent
LogPluginManager: Mounting plugin RuntimePhysXCooking
LogPluginManager: Mounting plugin SteamVR
LogPluginManager: Mounting plugin WindowsMoviePlayer
LogStreaming: Display: Took  0.250s to configure plugins.
LogInit: Using libcurl 7.55.1-DEV
LogInit:  - built for x86_64-pc-win32
LogInit:  - supports SSL with OpenSSL/1.0.2h
LogInit:  - supports HTTP deflate (compression) using libz 1.2.8
LogInit:  - other features:
LogInit:      CURL_VERSION_SSL
LogInit:      CURL_VERSION_LIBZ
LogInit:      CURL_VERSION_IPV6
LogInit:      CURL_VERSION_ASYNCHDNS
LogInit:      CURL_VERSION_LARGEFILE
LogInit:      CURL_VERSION_IDN
LogInit:  CurlRequestOptions (configurable via config and command line):
LogInit:  - bVerifyPeer = false  - Libcurl will NOT verify peer certificate
LogInit:  - bUseHttpProxy = false  - Libcurl will NOT use HTTP proxy
LogInit:  - bDontReuseConnections = false  - Libcurl will reuse connections
LogInit:  - CertBundlePath = nullptr  - Libcurl will use whatever was configured at build time.
LogInit:  - MaxHostConnections = 16  - Libcurl will limit the number of connections to a host
LogInit:  - LocalHostAddr = Default
LogInit:  - BufferSize = 65536
LogInit: WinSock: version 1.1 (2.2), MaxSocks=32767, MaxUdp=65467
LogInit: Build: ++UE4+Release-4.20-CL-4369336
LogInit: Engine Version: 4.20.3-4369336+++UE4+Release-4.20
LogInit: Compatible Engine Version: 4.20.0-4212847+++UE4+Release-4.20
LogInit: Net CL: 4212847
LogInit: OS: Windows 10 (), CPU: Intel(R) Xeon(R) CPU E5-1620 v4 @ 3.50GHz, GPU: NVIDIA GeForce GTX 1070
LogInit: Compiled (64-bit): Sep 17 2018 12:26:19
LogInit: Compiled with Visual C++: 19.13.26129.00
LogInit: Build Configuration: Development
LogInit: Branch Name: ++UE4+Release-4.20
LogInit: Command Line: 
LogInit: Base Directory: C:/Epic/UE4/UE_4.20/Engine/Binaries/Win64/
LogInit: Installed Engine Build: 1
LogDevObjectVersion: Number of dev versions registered: 20
LogDevObjectVersion:   Dev-Blueprints (B0D832E4-1F89-4F0D-ACCF-7EB736FD4AA2): 10
LogDevObjectVersion:   Dev-Build (E1C64328-A22C-4D53-A36C-8E866417BD8C): 0
LogDevObjectVersion:   Dev-Core (375EC13C-06E4-48FB-B500-84F0262A717E): 2
LogDevObjectVersion:   Dev-Editor (E4B068ED-F494-42E9-A231-DA0B2E46BB41): 24
LogDevObjectVersion:   Dev-Framework (CFFC743F-43B0-4480-9391-14DF171D2073): 34
LogDevObjectVersion:   Dev-Mobile (B02B49B5-BB20-44E9-A304-32B752E40360): 2
LogDevObjectVersion:   Dev-Networking (A4E4105C-59A1-49B5-A7C5-40C4547EDFEE): 0
LogDevObjectVersion:   Dev-Online (39C831C9-5AE6-47DC-9A44-9C173E1C8E7C): 0
LogDevObjectVersion:   Dev-Physics (78F01B33-EBEA-4F98-B9B4-84EACCB95AA2): 0
LogDevObjectVersion:   Dev-Platform (6631380F-2D4D-43E0-8009-CF276956A95A): 0
LogDevObjectVersion:   Dev-Rendering (12F88B9F-8875-4AFC-A67C-D90C383ABD29): 26
LogDevObjectVersion:   Dev-Sequencer (7B5AE74C-D270-4C10-A958-57980B212A5A): 9
LogDevObjectVersion:   Dev-VR (D7296918-1DD6-4BDD-9DE2-64A83CC13884): 2
LogDevObjectVersion:   Dev-LoadTimes (C2A15278-BFE7-4AFE-6C17-90FF531DF755): 1
LogDevObjectVersion:   Private-Geometry (6EACA3D4-40EC-4CC1-B786-8BED09428FC5): 3
LogDevObjectVersion:   Dev-AnimPhys (29E575DD-E0A3-4627-9D10-D276232CDCEA): 17
LogDevObjectVersion:   Dev-ReflectionCapture (6B266CEC-1EC7-4B8F-A30B-E4D90942FC07): 1
LogDevObjectVersion:   Dev-Automation (0DF73D61-A23F-47EA-B727-89E90C41499A): 1
LogDevObjectVersion:   FortniteMain (601D1886-AC64-4F84-AA16-D3DE0DEAC7D6): 12
LogDevObjectVersion:   Dev-Enterprise (9DFFBCD6-494F-0158-E221-12823C92A888): 1
LogStreaming: Display: Took  0.000s to delete old logs.
LogInit: Presizing for max 8388607 objects, including 0 objects not considered by GC, pre-allocating 0 bytes for permanent pool.
LogInit: Object subsystem initialized
[2019.01.25-17.50.00:341][  0]LogInit: Selected Device Profile: [Windows]
[2019.01.25-17.50.00:341][  0]LogInit: Applying CVar settings loaded from the selected device profile: [Windows]
[2019.01.25-17.50.00:381][  0]LogHAL: Display: Platform has ~ 32 GB [34272002048 / 34359738368 / 32], which maps to Largest [LargestMinGB=32, LargerMinGB=12, DefaultMinGB=8, SmallerMinGB=6, SmallestMinGB=0)
[2019.01.25-17.50.00:381][  0]LogInit: Setting Device Profile CVar: [[r.Vulkan.UseRealUBs:1]]
[2019.01.25-17.50.00:381][  0]LogInit: Going up to parent DeviceProfile []
[2019.01.25-17.50.00:381][  0]LogInit: Computer: D105-09
[2019.01.25-17.50.00:381][  0]LogInit: User: f011369h
[2019.01.25-17.50.00:381][  0]LogInit: CPU Page size=4096, Cores=4
[2019.01.25-17.50.00:381][  0]LogInit: High frequency timer resolution =3.410081 MHz
[2019.01.25-17.50.00:382][  0]LogMemory: Memory total: Physical=31.9GB (32GB approx)
[2019.01.25-17.50.00:382][  0]LogMemory: Platform Memory Stats for Windows
[2019.01.25-17.50.00:382][  0]LogMemory: Process Physical Memory: 99.33 MB used, 99.33 MB peak
[2019.01.25-17.50.00:382][  0]LogMemory: Process Virtual Memory: 91.10 MB used, 91.10 MB peak
[2019.01.25-17.50.00:382][  0]LogMemory: Physical Memory: 7220.38 MB used,  25463.95 MB free, 32684.33 MB total
[2019.01.25-17.50.00:382][  0]LogMemory: Virtual Memory: 4640.11 MB used,  25463.95 MB free, 134217728.00 MB total
[2019.01.25-17.50.00:424][  0]LogInit: Using OS detected language (en-US).
[2019.01.25-17.50.00:424][  0]LogInit: Using OS detected locale (en-GB).
[2019.01.25-17.50.00:426][  0]LogTextLocalizationManager: No specific localization for 'en-US' exists, so the 'en' localization will be used.
[2019.01.25-17.50.00:842][  0]LogStreaming: Display: Took  0.418s to InitEngineTextLocalization.
[2019.01.25-17.50.00:842][  0]LogInit: Setting process to per monitor DPI aware
[2019.01.25-17.50.00:893][  0]LogSlate: New Slate User Created.  User Index 0, Is Virtual User: 0
[2019.01.25-17.50.00:893][  0]LogSlate: Slate User Registered.  User Index 0, Is Virtual User: 0
[2019.01.25-17.50.01:233][  0]LogHMD: Failed to initialize OpenVR with code 110
[2019.01.25-17.50.01:233][  0]LogD3D11RHI: D3D11 adapters:
[2019.01.25-17.50.01:352][  0]LogD3D11RHI:    0. 'NVIDIA GeForce GTX 1070' (Feature Level 11_0)
[2019.01.25-17.50.01:352][  0]LogD3D11RHI:       8088/0/16342 MB DedicatedVideo/DedicatedSystem/SharedSystem, Outputs:2, VendorId:0x10de
[2019.01.25-17.50.01:354][  0]LogD3D11RHI:    1. 'Microsoft Basic Render Driver' (Feature Level 11_0)
[2019.01.25-17.50.01:354][  0]LogD3D11RHI:       0/0/16342 MB DedicatedVideo/DedicatedSystem/SharedSystem, Outputs:0, VendorId:0x1414
[2019.01.25-17.50.01:354][  0]LogD3D11RHI: Chosen D3D11 Adapter: 0
[2019.01.25-17.50.01:367][  0]LogD3D11RHI: Creating new Direct3DDevice
[2019.01.25-17.50.01:367][  0]LogD3D11RHI:     GPU DeviceId: 0x1b81 (for the marketing name, search the web for "GPU Device Id")
[2019.01.25-17.50.01:367][  0]LogWindows: EnumDisplayDevices:
[2019.01.25-17.50.01:367][  0]LogWindows:    0. 'NVIDIA GeForce GTX 1070' (P:0 D:1)
[2019.01.25-17.50.01:369][  0]LogWindows:    1. 'NVIDIA GeForce GTX 1070' (P:1 D:1)
[2019.01.25-17.50.01:369][  0]LogWindows:    2. 'NVIDIA GeForce GTX 1070' (P:0 D:0)
[2019.01.25-17.50.01:370][  0]LogWindows:    3. 'NVIDIA GeForce GTX 1070' (P:0 D:0)
[2019.01.25-17.50.01:371][  0]LogWindows: DebugString: FoundDriverCount:4 
[2019.01.25-17.50.01:371][  0]LogD3D11RHI:     Adapter Name: NVIDIA GeForce GTX 1070
[2019.01.25-17.50.01:371][  0]LogD3D11RHI:   Driver Version: 398.82 (internal:24.21.13.9882, unified:398.82)
[2019.01.25-17.50.01:371][  0]LogD3D11RHI:      Driver Date: 7-30-2018
[2019.01.25-17.50.01:371][  0]LogRHI: Texture pool is 5661 MB (70% of 8088 MB)
[2019.01.25-17.50.01:444][  0]LogD3D11RHI: Async texture creation enabled
[2019.01.25-17.50.01:463][  0]LogD3D11RHI: GPU Timing Frequency: 1000.000000 (Debug: 2 2)
[2019.01.25-17.50.01:558][  0]LogShaderCompilers: Guid format shader working directory is -22 characters bigger than the processId version (../../../../../../Users/f011369h/Documents/Unreal Projects/GamesJam2019/Intermediate/Shaders/WorkingDirectory/9836/).
[2019.01.25-17.50.01:558][  0]LogShaderCompilers: Cleaned the shader compiler working directory 'C:/Users/f011369h/AppData/Local/Temp/UnrealShaderWorkingDir/4782914F460F4F567EC096BE80BC176C/'.
[2019.01.25-17.50.01:996][  0]LogTemp: Display: Loaded TP AllDesktopTargetPlatform
[2019.01.25-17.50.02:012][  0]LogTemp: Display: Loaded TP MacClientTargetPlatform
[2019.01.25-17.50.02:033][  0]LogTemp: Display: Loaded TP MacNoEditorTargetPlatform
[2019.01.25-17.50.02:049][  0]LogTemp: Display: Loaded TP MacServerTargetPlatform
[2019.01.25-17.50.02:065][  0]LogTemp: Display: Loaded TP MacTargetPlatform
[2019.01.25-17.50.02:081][  0]LogTemp: Display: Loaded TP WindowsClientTargetPlatform
[2019.01.25-17.50.02:097][  0]LogTemp: Display: Loaded TP WindowsNoEditorTargetPlatform
[2019.01.25-17.50.02:113][  0]LogTemp: Display: Loaded TP WindowsServerTargetPlatform
[2019.01.25-17.50.02:132][  0]LogTemp: Display: Loaded TP WindowsTargetPlatform
[2019.01.25-17.50.02:238][  0]LogTemp: Display: Loaded TP AndroidTargetPlatform
[2019.01.25-17.50.02:238][  0]LogTemp: Display: Loaded TP AndroidTargetPlatform
[2019.01.25-17.50.02:238][  0]LogTemp: Display: Loaded TP AndroidTargetPlatform
[2019.01.25-17.50.02:238][  0]LogTemp: Display: Loaded TP AndroidTargetPlatform
[2019.01.25-17.50.02:238][  0]LogTemp: Display: Loaded TP AndroidTargetPlatform
[2019.01.25-17.50.02:238][  0]LogTemp: Display: Loaded TP AndroidTargetPlatform
[2019.01.25-17.50.02:238][  0]LogTemp: Display: Loaded TP AndroidTargetPlatform
[2019.01.25-17.50.02:238][  0]LogTemp: Display: Loaded TP AndroidTargetPlatform
[2019.01.25-17.50.02:238][  0]LogTemp: Display: Loaded TP AndroidTargetPlatform
[2019.01.25-17.50.02:238][  0]LogTemp: Display: Loaded TP AndroidTargetPlatform
[2019.01.25-17.50.02:238][  0]LogTemp: Display: Loaded TP AndroidTargetPlatform
[2019.01.25-17.50.02:238][  0]LogTemp: Display: Loaded TP AndroidTargetPlatform
[2019.01.25-17.50.02:238][  0]LogTemp: Display: Loaded TP AndroidTargetPlatform
[2019.01.25-17.50.02:238][  0]LogTemp: Display: Loaded TP AndroidTargetPlatform
[2019.01.25-17.50.02:238][  0]LogTemp: Display: Loaded TP AndroidTargetPlatform
[2019.01.25-17.50.02:238][  0]LogTemp: Display: Loaded TP AndroidTargetPlatform
[2019.01.25-17.50.02:238][  0]LogTemp: Display: Loaded TP AndroidTargetPlatform
[2019.01.25-17.50.02:238][  0]LogTemp: Display: Loaded TP AndroidTargetPlatform
[2019.01.25-17.50.02:241][  0]LogTemp: Display: Loaded TP HTML5TargetPlatform
[2019.01.25-17.50.02:306][  0]LogTemp: Display: Loaded TP IOSTargetPlatform
[2019.01.25-17.50.02:306][  0]LogTemp: Display: Loaded TP IOSTargetPlatform
[2019.01.25-17.50.02:365][  0]LogTemp: Display: Loaded TP TVOSTargetPlatform
[2019.01.25-17.50.02:366][  0]LogTemp: Display: Loaded TP TVOSTargetPlatform
[2019.01.25-17.50.02:384][  0]LogTemp: Display: Loaded TP LinuxClientTargetPlatform
[2019.01.25-17.50.02:398][  0]LogTemp: Display: Loaded TP LinuxNoEditorTargetPlatform
[2019.01.25-17.50.02:412][  0]LogTemp: Display: Loaded TP LinuxServerTargetPlatform
[2019.01.25-17.50.02:428][  0]LogTemp: Display: Loaded TP LinuxTargetPlatform
[2019.01.25-17.50.02:439][  0]LogTemp: Display: Loaded TP LuminTargetPlatform
[2019.01.25-17.50.02:439][  0]LogTargetPlatformManager: Display: Building Assets For Windows
[2019.01.25-17.50.02:607][  0]LogXGEController: Cannot use XGE Controller as Incredibuild is not installed on this machine.
[2019.01.25-17.50.02:607][  0]LogShaderCompilers: Cannot use XGE Shader Compiler as Incredibuild is not installed on this machine.
[2019.01.25-17.50.02:607][  0]LogShaderCompilers: Display: Using Local Shader Compiler.
[2019.01.25-17.50.03:714][  0]LogDerivedDataCache: Display: Max Cache Size: 512 MB
[2019.01.25-17.50.03:824][  0]LogDerivedDataCache: Loaded boot cache 0.11s 87MB C:/Users/f011369h/AppData/Local/UnrealEngine/4.20/DerivedDataCache/Boot.ddc.
[2019.01.25-17.50.03:826][  0]LogDerivedDataCache: Display: Loaded Boot cache: C:/Users/f011369h/AppData/Local/UnrealEngine/4.20/DerivedDataCache/Boot.ddc
[2019.01.25-17.50.03:826][  0]LogDerivedDataCache: FDerivedDataBackendGraph:  Pak pak cache file ../../../../../../Users/f011369h/Documents/Unreal Projects/GamesJam2019/DerivedDataCache/DDC.ddp not found, will not use a pak cache.
[2019.01.25-17.50.03:826][  0]LogDerivedDataCache: Unable to find inner node Pak for hierarchical cache Hierarchy.
[2019.01.25-17.50.03:826][  0]LogDerivedDataCache: FDerivedDataBackendGraph:  CompressedPak pak cache file ../../../../../../Users/f011369h/Documents/Unreal Projects/GamesJam2019/DerivedDataCache/Compressed.ddp not found, will not use a pak cache.
[2019.01.25-17.50.03:826][  0]LogDerivedDataCache: Unable to find inner node CompressedPak for hierarchical cache Hierarchy.
[2019.01.25-17.50.03:839][  0]LogDerivedDataCache: Display: Pak cache opened for reading ../../../Engine/DerivedDataCache/Compressed.ddp.
[2019.01.25-17.50.03:852][  0]LogDerivedDataCache: Using Local data cache path C:/Users/f011369h/AppData/Local/UnrealEngine/Common/DerivedDataCache: Writable
[2019.01.25-17.50.03:852][  0]LogDerivedDataCache: Shared data cache path not found in *engine.ini, will not use an Shared cache.
[2019.01.25-17.50.03:852][  0]LogDerivedDataCache: Unable to find inner node Shared for hierarchical cache Hierarchy.
[2019.01.25-17.50.03:891][  0]LogMaterial: Verifying Global Shaders for PCD3D_SM5
[2019.01.25-17.50.03:893][  0]LogSlate: Using FreeType 2.6.0
[2019.01.25-17.50.03:894][  0]LogSlate: SlateFontServices - WITH_FREETYPE: 1, WITH_HARFBUZZ: 1
[2019.01.25-17.50.03:997][  0]LogAssetRegistry: FAssetRegistry took 0.0271 seconds to start up
[2019.01.25-17.50.04:468][  0]LogInit: Selected Device Profile: [Windows]
[2019.01.25-17.50.04:663][  0]LogSimplygon: Simplygon DLL not present - disabling.
[2019.01.25-17.50.04:670][  0]LogMeshReduction: Using SimplygonSwarm for distributed automatic mesh merging
[2019.01.25-17.50.04:670][  0]LogMeshReduction: Using ProxyLODMeshReduction for automatic mesh merging
[2019.01.25-17.50.04:670][  0]LogMeshReduction: Using QuadricMeshReduction for automatic static mesh reduction
[2019.01.25-17.50.04:670][  0]LogMeshReduction: No automatic skeletal mesh reduction module available
[2019.01.25-17.50.04:697][  0]LogNetVersion: GameJam2019 1.0.0, NetCL: 4212847, EngineNetVer: 5, GameNetVer: 0 (Checksum: 1056771540)
[2019.01.25-17.50.05:598][  0]LogPackageLocalizationCache: Processed 11 localized package path(s) for 2 prioritized culture(s) in 0.234820 seconds
[2019.01.25-17.50.05:606][  0]LogUObjectArray: 38425 objects as part of root set at end of initial load.
[2019.01.25-17.50.05:606][  0]LogUObjectAllocator: 6690872 out of 0 bytes used by permanent object pool.
[2019.01.25-17.50.05:606][  0]LogUObjectArray: CloseDisregardForGC: 0/0 objects in disregard for GC pool
[2019.01.25-17.50.06:925][  0]LogTcpMessaging: Initializing TcpMessaging bridge
[2019.01.25-17.50.06:939][  0]LogUdpMessaging: Initializing bridge on interface 0.0.0.0:0 to multicast group 230.0.0.1:6666.
[2019.01.25-17.50.07:169][  0]SourceControl: Source control is disabled
[2019.01.25-17.50.07:169][  0]SourceControl: Source control is disabled
[2019.01.25-17.50.07:171][  0]SourceControl: Source control is disabled
[2019.01.25-17.50.07:173][  0]SourceControl: Source control is disabled
[2019.01.25-17.50.07:401][  0]LogAndroidPermission: UAndroidPermissionCallbackProxy::GetInstance
[2019.01.25-17.50.07:526][  0]LogOcInput: OculusInput pre-init called
[2019.01.25-17.50.07:622][  0]LogEngine: Initializing Engine...
[2019.01.25-17.50.07:623][  0]LogHMD: Failed to initialize OpenVR with code 110
[2019.01.25-17.50.07:624][  0]LogStats: UGameplayTagsManager::ConstructGameplayTagTree: ImportINI prefixes -  0.000 s
[2019.01.25-17.50.07:624][  0]LogStats: UGameplayTagsManager::ConstructGameplayTagTree: Construct from data asset -  0.000 s
[2019.01.25-17.50.07:624][  0]LogStats: UGameplayTagsManager::ConstructGameplayTagTree: ImportINI -  0.000 s
[2019.01.25-17.50.07:624][  0]LogStats: UGameplayTagsManager::ConstructGameplayTagTree: GameplayTagTreeChangedEvent.Broadcast -  0.000 s
[2019.01.25-17.50.07:970][  0]LogInit: Initializing FReadOnlyCVARCache
[2019.01.25-17.50.07:995][  0]LogAIModule: Creating AISystem for world Untitled
[2019.01.25-17.50.08:016][  0]LogInit: XAudio2 using 'Speakers (Realtek High Definition Audio)' : 2 channels at 48 kHz using 32 bits per sample (channel mask 0x3)
[2019.01.25-17.50.08:058][  0]LogInit: FAudioDevice initialized.
[2019.01.25-17.50.08:059][  0]LogNetVersion: Set ProjectVersion to 1.0.0.0. Version Checksum will be recalculated on next use.
[2019.01.25-17.50.08:162][  0]LogDerivedDataCache: Saved boot cache 0.10s 71MB C:/Users/f011369h/AppData/Local/UnrealEngine/4.20/DerivedDataCache/Boot.ddc.
[2019.01.25-17.50.08:213][  0]LogInit: Texture streaming: Enabled
[2019.01.25-17.50.08:243][  0]LogEngineSessionManager: EngineSessionManager initialized
[2019.01.25-17.50.08:269][  0]LogInit: Transaction tracking system initialized
[2019.01.25-17.50.08:343][  0]BlueprintLog: New page: Editor Load
[2019.01.25-17.50.08:516][  0]LocalizationService: Localization service is disabled
[2019.01.25-17.50.08:894][  0]LogCook: Display: Max memory allowance for cook 16384mb min free memory 0mb
[2019.01.25-17.50.08:894][  0]LogCook: Display: Mobile HDR setting 1
[2019.01.25-17.50.08:895][  0]LogGameplayTags: Display: UGameplayTagsManager::DoneAddingNativeTags. DelegateIsBound: 0
[2019.01.25-17.50.08:895][  0]LogStats: UGameplayTagsManager::ConstructGameplayTagTree: ImportINI prefixes -  0.000 s
[2019.01.25-17.50.08:895][  0]LogStats: UGameplayTagsManager::ConstructGameplayTagTree: Construct from data asset -  0.000 s
[2019.01.25-17.50.08:896][  0]LogStats: UGameplayTagsManager::ConstructGameplayTagTree: ImportINI -  0.001 s
[2019.01.25-17.50.08:896][  0]LogStats: UGameplayTagsManager::ConstructGameplayTagTree: GameplayTagTreeChangedEvent.Broadcast -  0.000 s
[2019.01.25-17.50.09:063][  0]LogFileCache: Scanning file cache for directory 'C:/Users/f011369h/Documents/Unreal Projects/GamesJam2019/Content/' took 0.02s
[2019.01.25-17.50.09:063][  0]SourceControl: Source control is disabled
[2019.01.25-17.50.09:064][  0]Cmd: MAP LOAD FILE="../../../../../../Users/f011369h/Documents/Unreal Projects/GamesJam2019/Content/FirstPersonBP/Maps/FirstPersonExampleMap.umap" TEMPLATE=0 SHOWPROGRESS=1 FEATURELEVEL=3
[2019.01.25-17.50.09:065][  0]LightingResults: New page: Lighting Build
[2019.01.25-17.50.09:074][  0]MapCheck: New page: Map Check
[2019.01.25-17.50.09:074][  0]LightingResults: New page: Lighting Build
[2019.01.25-17.50.09:672][  0]LogAIModule: Creating AISystem for world FirstPersonExampleMap
[2019.01.25-17.50.09:694][  0]LogEditorServer: Finished looking for orphan Actors (0.000 secs)
[2019.01.25-17.50.09:727][  0]Cmd: MAP CHECKDEP NOCLEARLOG
[2019.01.25-17.50.09:976][  0]MapCheck: Map check complete: 0 Error(s), 0 Warning(s), took 249.065ms to complete.
[2019.01.25-17.50.09:977][  0]LogFileHelpers: Loading map 'FirstPersonExampleMap' took 0.913
[2019.01.25-17.50.10:112][  0]LogSlate: Updating window title bar state: overlay mode, drag disabled, window buttons hidden, title bar hidden
[2019.01.25-17.50.10:120][  0]LogSlate: Updating window title bar state: overlay mode, drag disabled, window buttons hidden, title bar hidden
[2019.01.25-17.50.10:127][  0]LogSlate: Updating window title bar state: overlay mode, drag disabled, window buttons hidden, title bar hidden
[2019.01.25-17.50.10:139][  0]LogSlate: Updating window title bar state: overlay mode, drag disabled, window buttons hidden, title bar hidden
[2019.01.25-17.50.10:154][  0]LogCollectionManager: Loaded 0 collections in 0.005175 seconds
[2019.01.25-17.50.10:205][  0]LogFileCache: Scanning file cache for directory 'C:/Users/f011369h/Documents/Unreal Projects/GamesJam2019/Saved/Collections/' took 0.01s
[2019.01.25-17.50.10:205][  0]LogFileCache: Scanning file cache for directory 'C:/Users/f011369h/Documents/Unreal Projects/GamesJam2019/Content/Developers/f011369h/Collections/' took 0.01s
[2019.01.25-17.50.10:205][  0]LogFileCache: Scanning file cache for directory 'C:/Users/f011369h/Documents/Unreal Projects/GamesJam2019/Content/Collections/' took 0.01s
[2019.01.25-17.50.10:205][  0]LogCollectionManager: Rebuilt the GUID cache for 0 collections in 0.000000 seconds
[2019.01.25-17.50.10:217][  0]LogContentBrowser: Native class hierarchy populated in 0.0115 seconds. Added 2572 classes and 603 folders.
[2019.01.25-17.50.10:232][  0]LogContentBrowser: Native class hierarchy updated for 'WidgetCarousel' in 0.0004 seconds. Added 0 classes and 0 folders.
[2019.01.25-17.50.10:327][  0]LogContentBrowser: Native class hierarchy updated for 'AddContentDialog' in 0.0003 seconds. Added 0 classes and 0 folders.
[2019.01.25-17.50.10:334][  0]LogContentBrowser: Native class hierarchy updated for 'SceneOutliner' in 0.0003 seconds. Added 1 classes and 2 folders.
[2019.01.25-17.50.10:351][  0]LogSlate: Took 0.000598 seconds to synchronously load lazily loaded font '../../../Engine/Content/Slate/Fonts/Roboto-Regular.ttf' (155K)
[2019.01.25-17.50.10:357][  0]LogSlate: Took 0.000455 seconds to synchronously load lazily loaded font '../../../Engine/Content/Slate/Fonts/Roboto-Bold.ttf' (160K)
[2019.01.25-17.50.10:366][  0]LogSlate: Took 0.000429 seconds to synchronously load lazily loaded font '../../../Engine/Content/Editor/Slate/Fonts/FontAwesome.ttf' (139K)
[2019.01.25-17.50.10:487][  0]LogRenderer: Reallocating scene render targets to support 1208x576 Format 10 NumSamples 1 (Frame:1).
[2019.01.25-17.50.10:674][  0]LogContentBrowser: Native class hierarchy updated for 'HierarchicalLODOutliner' in 0.0003 seconds. Added 0 classes and 0 folders.
[2019.01.25-17.50.10:674][  0]LogLoad: (Engine Initialization) Total time: 14.10 seconds
[2019.01.25-17.50.10:674][  0]LogLoad: (Engine Initialization) Total Blueprint compile time: 0.00 seconds
[2019.01.25-17.50.10:685][  0]LogWindowsTextInputMethodSystem: Display: IME system now deactivated.
[2019.01.25-17.50.10:705][  0]LogContentStreaming: Texture pool size now 1000 MB
[2019.01.25-17.50.10:723][  0]LogSlate: Took 0.000265 seconds to synchronously load lazily loaded font '../../../Engine/Content/Slate/Fonts/Roboto-Light.ttf' (167K)
[2019.01.25-17.50.10:753][  1]LogAssetRegistry: Asset discovery search completed in 6.7793 seconds
[2019.01.25-17.50.10:755][  1]LogCollectionManager: Rebuilt the object cache for 0 collections in 0.000001 seconds (found 0 objects)
[2019.01.25-17.50.10:755][  1]LogCollectionManager: Fixed up redirectors for 0 collections in 0.000056 seconds (updated 0 objects)
[2019.01.25-17.50.33:231][675]LogSlate: FSceneViewport::OnFocusLost() reason 0
[2019.01.25-17.50.46:141][157]LogSlate: Took 0.000261 seconds to synchronously load lazily loaded font '../../../Engine/Content/Slate/Fonts/Roboto-Light.ttf' (167K)
[2019.01.25-17.50.46:147][157]LogAssetEditorManager: Opening Asset editor for Blueprint /Game/FirstPersonBP/Blueprints/FirstPersonCharacter.FirstPersonCharacter
[2019.01.25-17.50.46:750][157]LogContentBrowser: Native class hierarchy updated for 'BlueprintGraph' in 0.0007 seconds. Added 116 classes and 0 folders.
[2019.01.25-17.50.47:947][157]LogSlate: Took 0.010525 seconds to synchronously load lazily loaded font '../../../Engine/Content/Slate/Fonts/Roboto-BoldCondensed.ttf' (158K)
[2019.01.25-17.50.48:306][158]LogSlate: Took 0.010543 seconds to synchronously load lazily loaded font '../../../Engine/Content/Slate/Fonts/Roboto-Italic.ttf' (157K)
[2019.01.25-17.51.04:368][988]LogScript: Warning: Attempted to access TRASH_SkeletalMeshComponent_21 via property FP_Gun, but TRASH_SkeletalMeshComponent_21 is pending kill
	FirstPersonCharacter_C /Game/FirstPersonBP/Maps/FirstPersonExampleMap.FirstPersonExampleMap:PersistentLevel.FirstPersonCharacter_C_1
	Function /Game/FirstPersonBP/Blueprints/FirstPersonCharacter.FirstPersonCharacter_C:UserConstructionScript:0017
[2019.01.25-17.51.04:372][988]LogScript: Warning: Attempted to access TRASH_SkeletalMeshComponent_11 via property FP_Gun, but TRASH_SkeletalMeshComponent_11 is pending kill
	FirstPersonCharacter_C /Engine/Transient.World_0:PersistentLevel.FirstPersonCharacter_C_0
	Function /Game/FirstPersonBP/Blueprints/FirstPersonCharacter.FirstPersonCharacter_C:UserConstructionScript:0017
[2019.01.25-17.51.11:065][422]LogScript: Warning: Attempted to access TRASH_SkeletalMeshComponent_21 via property FP_Gun, but TRASH_SkeletalMeshComponent_21 is pending kill
	FirstPersonCharacter_C /Game/FirstPersonBP/Maps/FirstPersonExampleMap.FirstPersonExampleMap:PersistentLevel.FirstPersonCharacter_C_1
	Function /Game/FirstPersonBP/Blueprints/FirstPersonCharacter.FirstPersonCharacter_C:UserConstructionScript:0017
[2019.01.25-17.51.11:071][422]LogScript: Warning: Attempted to access TRASH_SkeletalMeshComponent_11 via property FP_Gun, but TRASH_SkeletalMeshComponent_11 is pending kill
	FirstPersonCharacter_C /Engine/Transient.World_0:PersistentLevel.FirstPersonCharacter_C_0
	Function /Game/FirstPersonBP/Blueprints/FirstPersonCharacter.FirstPersonCharacter_C:UserConstructionScript:0017
[2019.01.25-17.51.11:083][422]LogScript: Warning: Attempted to access TRASH_SkeletalMeshComponent_21 via property FP_Gun, but TRASH_SkeletalMeshComponent_21 is pending kill
	FirstPersonCharacter_C /Game/FirstPersonBP/Maps/FirstPersonExampleMap.FirstPersonExampleMap:PersistentLevel.FirstPersonCharacter_C_1
	Function /Game/FirstPersonBP/Blueprints/FirstPersonCharacter.FirstPersonCharacter_C:UserConstructionScript:0017
[2019.01.25-17.51.11:085][422]LogScript: Warning: Attempted to access TRASH_SkeletalMeshComponent_11 via property FP_Gun, but TRASH_SkeletalMeshComponent_11 is pending kill
	FirstPersonCharacter_C /Engine/Transient.World_0:PersistentLevel.FirstPersonCharacter_C_0
	Function /Game/FirstPersonBP/Blueprints/FirstPersonCharacter.FirstPersonCharacter_C:UserConstructionScript:0017
[2019.01.25-17.51.23:846][368]LogScript: Warning: Attempted to access TRASH_SkeletalMeshComponent_21 via property FP_Gun, but TRASH_SkeletalMeshComponent_21 is pending kill
	FirstPersonCharacter_C /Game/FirstPersonBP/Maps/FirstPersonExampleMap.FirstPersonExampleMap:PersistentLevel.FirstPersonCharacter_C_1
	Function /Game/FirstPersonBP/Blueprints/FirstPersonCharacter.FirstPersonCharacter_C:UserConstructionScript:0017
[2019.01.25-17.51.23:849][368]LogScript: Warning: Attempted to access TRASH_SkeletalMeshComponent_11 via property FP_Gun, but TRASH_SkeletalMeshComponent_11 is pending kill
	FirstPersonCharacter_C /Engine/Transient.World_0:PersistentLevel.FirstPersonCharacter_C_0
	Function /Game/FirstPersonBP/Blueprints/FirstPersonCharacter.FirstPersonCharacter_C:UserConstructionScript:0017
[2019.01.25-17.51.27:557][600]BlueprintLog: New page: Compile FirstPersonCharacter
[2019.01.25-17.51.27:577][600]LogBlueprint: Error: [Compiler FirstPersonCharacter] This blueprint (self) is not a SceneComponent, therefore ' Target ' must have a connection.
[2019.01.25-17.51.27:923][600]LogBlueprint: Warning: [Compiler FirstPersonCharacter] [0091.35] Compile of FirstPersonCharacter failed. 1 Fatal Issue(s) 0 Warning(s) [in 367 ms] (/Game/FirstPersonBP/Blueprints/FirstPersonCharacter.FirstPersonCharacter)
[2019.01.25-17.51.48:445][749]LogEditorTransaction: Undo Delete current selection
[2019.01.25-17.51.48:838][775]LogEditorTransaction: Undo Delete current selection
[2019.01.25-17.51.49:120][791]LogEditorTransaction: Undo Remove Components
[2019.01.25-17.51.49:382][808]LogEditorTransaction: Undo Remove Components
[2019.01.25-17.51.49:963][857]LogEditorTransaction: Undo Clicking on Actors
[2019.01.25-17.51.55:291][437]BlueprintLog: New page: Compile FirstPersonCharacter
[2019.01.25-17.53.54:149][513]LogScript: Warning: Attempted to access TRASH_SkeletalMeshComponent_21 via property FP_Gun, but TRASH_SkeletalMeshComponent_21 is pending kill
	FirstPersonCharacter_C /Game/FirstPersonBP/Maps/FirstPersonExampleMap.FirstPersonExampleMap:PersistentLevel.FirstPersonCharacter_C_1
	Function /Game/FirstPersonBP/Blueprints/FirstPersonCharacter.FirstPersonCharacter_C:UserConstructionScript:0017
[2019.01.25-17.53.54:153][513]LogScript: Warning: Attempted to access TRASH_SkeletalMeshComponent_21 via property FP_Gun, but TRASH_SkeletalMeshComponent_21 is pending kill
	FirstPersonCharacter_C /Engine/Transient.World_0:PersistentLevel.FirstPersonCharacter_C_0
	Function /Game/FirstPersonBP/Blueprints/FirstPersonCharacter.FirstPersonCharacter_C:UserConstructionScript:0017
[2019.01.25-17.53.56:206][680]LogScript: Warning: Attempted to access TRASH_SkeletalMeshComponent_21 via property FP_Gun, but TRASH_SkeletalMeshComponent_21 is pending kill
	FirstPersonCharacter_C /Game/FirstPersonBP/Maps/FirstPersonExampleMap.FirstPersonExampleMap:PersistentLevel.FirstPersonCharacter_C_1
	Function /Game/FirstPersonBP/Blueprints/FirstPersonCharacter.FirstPersonCharacter_C:UserConstructionScript:0017
[2019.01.25-17.53.56:209][680]LogScript: Warning: Attempted to access TRASH_SkeletalMeshComponent_21 via property FP_Gun, but TRASH_SkeletalMeshComponent_21 is pending kill
	FirstPersonCharacter_C /Engine/Transient.World_0:PersistentLevel.FirstPersonCharacter_C_0
	Function /Game/FirstPersonBP/Blueprints/FirstPersonCharacter.FirstPersonCharacter_C:UserConstructionScript:0017
[2019.01.25-17.54.17:643][431]LogScript: Warning: Attempted to access TRASH_SkeletalMeshComponent_21 via property FP_Gun, but TRASH_SkeletalMeshComponent_21 is pending kill
	FirstPersonCharacter_C /Game/FirstPersonBP/Maps/FirstPersonExampleMap.FirstPersonExampleMap:PersistentLevel.FirstPersonCharacter_C_1
	Function /Game/FirstPersonBP/Blueprints/FirstPersonCharacter.FirstPersonCharacter_C:UserConstructionScript:0017
[2019.01.25-17.54.17:645][431]LogScript: Warning: Attempted to access TRASH_SkeletalMeshComponent_21 via property FP_Gun, but TRASH_SkeletalMeshComponent_21 is pending kill
	FirstPersonCharacter_C /Engine/Transient.World_0:PersistentLevel.FirstPersonCharacter_C_0
	Function /Game/FirstPersonBP/Blueprints/FirstPersonCharacter.FirstPersonCharacter_C:UserConstructionScript:0017
[2019.01.25-17.54.18:956][521]LogScript: Warning: Attempted to access TRASH_SkeletalMeshComponent_21 via property FP_Gun, but TRASH_SkeletalMeshComponent_21 is pending kill
	FirstPersonCharacter_C /Game/FirstPersonBP/Maps/FirstPersonExampleMap.FirstPersonExampleMap:PersistentLevel.FirstPersonCharacter_C_1
	Function /Game/FirstPersonBP/Blueprints/FirstPersonCharacter.FirstPersonCharacter_C:UserConstructionScript:0017
[2019.01.25-17.54.18:958][521]LogScript: Warning: Attempted to access TRASH_SkeletalMeshComponent_21 via property FP_Gun, but TRASH_SkeletalMeshComponent_21 is pending kill
	FirstPersonCharacter_C /Engine/Transient.World_0:PersistentLevel.FirstPersonCharacter_C_0
	Function /Game/FirstPersonBP/Blueprints/FirstPersonCharacter.FirstPersonCharacter_C:UserConstructionScript:0017
[2019.01.25-17.54.21:553][685]LogScript: Warning: Attempted to access TRASH_SkeletalMeshComponent_21 via property FP_Gun, but TRASH_SkeletalMeshComponent_21 is pending kill
	FirstPersonCharacter_C /Game/FirstPersonBP/Maps/FirstPersonExampleMap.FirstPersonExampleMap:PersistentLevel.FirstPersonCharacter_C_1
	Function /Game/FirstPersonBP/Blueprints/FirstPersonCharacter.FirstPersonCharacter_C:UserConstructionScript:0017
[2019.01.25-17.54.21:555][685]LogScript: Warning: Attempted to access TRASH_SkeletalMeshComponent_21 via property FP_Gun, but TRASH_SkeletalMeshComponent_21 is pending kill
	FirstPersonCharacter_C /Engine/Transient.World_0:PersistentLevel.FirstPersonCharacter_C_0
	Function /Game/FirstPersonBP/Blueprints/FirstPersonCharacter.FirstPersonCharacter_C:UserConstructionScript:0017
[2019.01.25-17.54.25:070][895]LogScript: Warning: Attempted to access TRASH_SkeletalMeshComponent_21 via property FP_Gun, but TRASH_SkeletalMeshComponent_21 is pending kill
	FirstPersonCharacter_C /Game/FirstPersonBP/Maps/FirstPersonExampleMap.FirstPersonExampleMap:PersistentLevel.FirstPersonCharacter_C_1
	Function /Game/FirstPersonBP/Blueprints/FirstPersonCharacter.FirstPersonCharacter_C:UserConstructionScript:0017
[2019.01.25-17.54.25:073][895]LogScript: Warning: Attempted to access TRASH_SkeletalMeshComponent_21 via property FP_Gun, but TRASH_SkeletalMeshComponent_21 is pending kill
	FirstPersonCharacter_C /Engine/Transient.World_0:PersistentLevel.FirstPersonCharacter_C_0
	Function /Game/FirstPersonBP/Blueprints/FirstPersonCharacter.FirstPersonCharacter_C:UserConstructionScript:0017
[2019.01.25-17.54.25:078][895]LogScript: Warning: Attempted to access TRASH_SkeletalMeshComponent_21 via property FP_Gun, but TRASH_SkeletalMeshComponent_21 is pending kill
	FirstPersonCharacter_C /Game/FirstPersonBP/Maps/FirstPersonExampleMap.FirstPersonExampleMap:PersistentLevel.FirstPersonCharacter_C_1
	Function /Game/FirstPersonBP/Blueprints/FirstPersonCharacter.FirstPersonCharacter_C:UserConstructionScript:0017
[2019.01.25-17.54.25:079][895]LogScript: Warning: Attempted to access TRASH_SkeletalMeshComponent_21 via property FP_Gun, but TRASH_SkeletalMeshComponent_21 is pending kill
	FirstPersonCharacter_C /Engine/Transient.World_0:PersistentLevel.FirstPersonCharacter_C_0
	Function /Game/FirstPersonBP/Blueprints/FirstPersonCharacter.FirstPersonCharacter_C:UserConstructionScript:0017
[2019.01.25-17.54.58:007][108]BlueprintLog: New page: Compile FirstPersonCharacter
[2019.01.25-17.54.58:028][108]LogBlueprint: Error: [Compiler FirstPersonCharacter] This blueprint (self) is not a SceneComponent, therefore ' Target ' must have a connection.
[2019.01.25-17.54.58:028][108]LogBlueprint: Error: [Compiler FirstPersonCharacter] This blueprint (self) is not a SceneComponent, therefore ' Target ' must have a connection.
[2019.01.25-17.54.58:194][108]LogBlueprint: Warning: [Compiler FirstPersonCharacter] [0301.62] Compile of FirstPersonCharacter failed. 2 Fatal Issue(s) 0 Warning(s) [in 186 ms] (/Game/FirstPersonBP/Blueprints/FirstPersonCharacter.FirstPersonCharacter)
[2019.01.25-17.55.06:100][963]BlueprintLog: New page: Compile FirstPersonCharacter
[2019.01.25-17.55.14:318][785]LogTemp: Repeating last play command: Selected Viewport
[2019.01.25-17.55.14:349][785]LogBlueprintUserMessages: Early PlayInEditor Detection: Level '/Game/FirstPersonBP/Maps/FirstPersonExampleMap.FirstPersonExampleMap:PersistentLevel' has LevelScriptBlueprint '/Game/FirstPersonBP/Maps/FirstPersonExampleMap.FirstPersonExampleMap:PersistentLevel.FirstPersonExampleMap' with GeneratedClass '/Game/FirstPersonBP/Maps/FirstPersonExampleMap.FirstPersonExampleMap_C' with ClassGeneratedBy '/Game/FirstPersonBP/Maps/FirstPersonExampleMap.FirstPersonExampleMap:PersistentLevel.FirstPersonExampleMap'
[2019.01.25-17.55.14:349][785]LogPlayLevel: PlayLevel: No blueprints needed recompiling
[2019.01.25-17.55.14:365][785]PIE: New page: PIE session: FirstPersonExampleMap (25 Jan 2019 17:55:14)
[2019.01.25-17.55.14:365][785]LogPlayLevel: Creating play world package: /Game/FirstPersonBP/Maps/UEDPIE_0_FirstPersonExampleMap
[2019.01.25-17.55.14:434][785]LogPlayLevel: PIE: StaticDuplicateObject took: (0.068893s)
[2019.01.25-17.55.14:435][785]LogAIModule: Creating AISystem for world FirstPersonExampleMap
[2019.01.25-17.55.14:435][785]LogPlayLevel: PIE: World Init took: (0.001429s)
[2019.01.25-17.55.14:435][785]LogPlayLevel: PIE: Created PIE world by copying editor world from /Game/FirstPersonBP/Maps/FirstPersonExampleMap.FirstPersonExampleMap to /Game/FirstPersonBP/Maps/UEDPIE_0_FirstPersonExampleMap.FirstPersonExampleMap (0.070556s)
[2019.01.25-17.55.14:484][785]LogInit: XAudio2 using 'Speakers (Realtek High Definition Audio)' : 2 channels at 48 kHz using 32 bits per sample (channel mask 0x3)
[2019.01.25-17.55.14:496][785]LogInit: FAudioDevice initialized.
[2019.01.25-17.55.14:542][785]LogLoad: Game class is 'FirstPersonGameMode_C'
[2019.01.25-17.55.14:548][785]LogWorld: Bringing World /Game/FirstPersonBP/Maps/UEDPIE_0_FirstPersonExampleMap.FirstPersonExampleMap up for play (max tick rate 0) at 2019.01.25-17.55.14
[2019.01.25-17.55.14:549][785]LogWorld: Bringing up level for play took: 0.002997
[2019.01.25-17.55.14:592][785]LogContentBrowser: Native class hierarchy updated for 'MovieSceneCapture' in 0.0009 seconds. Added 10 classes and 0 folders.
[2019.01.25-17.55.14:593][785]PIE: Play in editor start time for /Game/FirstPersonBP/Maps/UEDPIE_0_FirstPersonExampleMap 0.451
[2019.01.25-17.55.14:594][785]LogBlueprintUserMessages: Late PlayInEditor Detection: Level '/Game/FirstPersonBP/Maps/FirstPersonExampleMap.FirstPersonExampleMap:PersistentLevel' has LevelScriptBlueprint '/Game/FirstPersonBP/Maps/FirstPersonExampleMap.FirstPersonExampleMap:PersistentLevel.FirstPersonExampleMap' with GeneratedClass '/Game/FirstPersonBP/Maps/FirstPersonExampleMap.FirstPersonExampleMap_C' with ClassGeneratedBy '/Game/FirstPersonBP/Maps/FirstPersonExampleMap.FirstPersonExampleMap:PersistentLevel.FirstPersonExampleMap'
[2019.01.25-17.55.29:140][522]LogBlueprintUserMessages: Early EndPlayMap Detection: Level '/Game/FirstPersonBP/Maps/FirstPersonExampleMap.FirstPersonExampleMap:PersistentLevel' has LevelScriptBlueprint '/Game/FirstPersonBP/Maps/FirstPersonExampleMap.FirstPersonExampleMap:PersistentLevel.FirstPersonExampleMap' with GeneratedClass '/Game/FirstPersonBP/Maps/FirstPersonExampleMap.FirstPersonExampleMap_C' with ClassGeneratedBy '/Game/FirstPersonBP/Maps/FirstPersonExampleMap.FirstPersonExampleMap:PersistentLevel.FirstPersonExampleMap'
[2019.01.25-17.55.29:140][522]LogSlate: Updating window title bar state: overlay mode, drag disabled, window buttons hidden, title bar hidden
[2019.01.25-17.55.29:178][522]LogPlayLevel: Display: Shutting down PIE online subsystems
[2019.01.25-17.55.29:178][522]LogBlueprintUserMessages: Late EndPlayMap Detection: Level '/Game/FirstPersonBP/Maps/FirstPersonExampleMap.FirstPersonExampleMap:PersistentLevel' has LevelScriptBlueprint '/Game/FirstPersonBP/Maps/FirstPersonExampleMap.FirstPersonExampleMap:PersistentLevel.FirstPersonExampleMap' with GeneratedClass '/Game/FirstPersonBP/Maps/FirstPersonExampleMap.FirstPersonExampleMap_C' with ClassGeneratedBy '/Game/FirstPersonBP/Maps/FirstPersonExampleMap.FirstPersonExampleMap:PersistentLevel.FirstPersonExampleMap'
[2019.01.25-17.55.29:222][522]LogSlate: Updating window title bar state: overlay mode, drag disabled, window buttons hidden, title bar hidden
[2019.01.25-17.55.29:247][523]LogPlayLevel: Display: Destroying online subsystem :Context_4
[2019.01.25-18.00.14:744][373]LogSlate: FSceneViewport::OnFocusLost() reason 0
[2019.01.25-18.00.40:046][850]LogSavePackage: Moving '../../../../../../Users/f011369h/Documents/Unreal Projects/GamesJam2019/Saved/FirstPersonExampleMap_Auto14C8D633A42CC941502B2A9B384CF99AC.tmp' to '../../../../../../Users/f011369h/Documents/Unreal Projects/GamesJam2019/Saved/Autosaves/Game/FirstPersonBP/Maps/FirstPersonExampleMap_Auto1.umap'
[2019.01.25-18.00.40:066][850]LogFileHelpers: Editor autosave (incl. sublevels) for '/Game/FirstPersonBP/Maps/FirstPersonExampleMap' took 0.392
[2019.01.25-18.00.40:067][850]LogFileHelpers: Editor autosave (incl. sublevels) for all levels took 0.392
[2019.01.25-18.00.40:074][850]OBJ SavePackage: Generating thumbnails for [0] asset(s) in package [/Game/FirstPersonBP/Blueprints/FirstPersonCharacter] ([1] browsable assets)...
[2019.01.25-18.00.40:074][850]OBJ SavePackage: Finished generating thumbnails for package [/Game/FirstPersonBP/Blueprints/FirstPersonCharacter]
[2019.01.25-18.00.40:197][850]LogSavePackage: Moving '../../../../../../Users/f011369h/Documents/Unreal Projects/GamesJam2019/Saved/FirstPersonCharacter_Auto1FB607A9B43AF8B1F66F267911D66B3EC.tmp' to '../../../../../../Users/f011369h/Documents/Unreal Projects/GamesJam2019/Saved/Autosaves/Game/FirstPersonBP/Blueprints/FirstPersonCharacter_Auto1.uasset'
[2019.01.25-18.00.40:202][850]LogFileHelpers: Auto-saving content packages took 0.133
[2019.01.25-18.01.08:880][955]LogEditorViewport: Clicking on Actor (LMB): TextRenderActor (TemplateLabel)
[2019.01.25-18.01.10:360][115]LogEditorViewport: Clicking on Actor (LMB): BP_Sky_Sphere_C (SkySphereBlueprint)
[2019.01.25-18.05.00:198][683]LogEditorViewport: Clicking on Actor (LMB): FirstPersonCharacter_C (FirstPersonCharacter)
[2019.01.25-18.05.02:003][884]LogSlate: FSceneViewport::OnFocusLost() reason 0
[2019.01.25-18.05.04:594][102]LogRenderer: Reallocating scene render targets to support 1208x712 Format 10 NumSamples 1 (Frame:1).
[2019.01.25-18.05.22:788][797]LogSlate: FSceneViewport::OnFocusLost() reason 0
[2019.01.25-18.05.22:874][805]BlueprintLog: New page: Compile FirstPersonCharacter
[2019.01.25-18.05.25:827][ 33]LogTemp: Repeating last play command: Selected Viewport
[2019.01.25-18.05.25:844][ 33]LogBlueprintUserMessages: Early PlayInEditor Detection: Level '/Game/FirstPersonBP/Maps/FirstPersonExampleMap.FirstPersonExampleMap:PersistentLevel' has LevelScriptBlueprint '/Game/FirstPersonBP/Maps/FirstPersonExampleMap.FirstPersonExampleMap:PersistentLevel.FirstPersonExampleMap' with GeneratedClass '/Game/FirstPersonBP/Maps/FirstPersonExampleMap.FirstPersonExampleMap_C' with ClassGeneratedBy '/Game/FirstPersonBP/Maps/FirstPersonExampleMap.FirstPersonExampleMap:PersistentLevel.FirstPersonExampleMap'
[2019.01.25-18.05.25:844][ 33]LogPlayLevel: PlayLevel: No blueprints needed recompiling
[2019.01.25-18.05.25:844][ 33]PIE: New page: PIE session: FirstPersonExampleMap (25 Jan 2019 18:05:25)
[2019.01.25-18.05.25:844][ 33]LogPlayLevel: Creating play world package: /Game/FirstPersonBP/Maps/UEDPIE_0_FirstPersonExampleMap
[2019.01.25-18.05.25:861][ 33]LogPlayLevel: PIE: StaticDuplicateObject took: (0.016600s)
[2019.01.25-18.05.25:861][ 33]LogAIModule: Creating AISystem for world FirstPersonExampleMap
[2019.01.25-18.05.25:862][ 33]LogPlayLevel: PIE: World Init took: (0.000801s)
[2019.01.25-18.05.25:862][ 33]LogPlayLevel: PIE: Created PIE world by copying editor world from /Game/FirstPersonBP/Maps/FirstPersonExampleMap.FirstPersonExampleMap to /Game/FirstPersonBP/Maps/UEDPIE_0_FirstPersonExampleMap.FirstPersonExampleMap (0.017535s)
[2019.01.25-18.05.25:918][ 33]LogInit: XAudio2 using 'Speakers (Realtek High Definition Audio)' : 2 channels at 48 kHz using 32 bits per sample (channel mask 0x3)
[2019.01.25-18.05.25:939][ 33]LogInit: FAudioDevice initialized.
[2019.01.25-18.05.25:976][ 33]LogLoad: Game class is 'FirstPersonGameMode_C'
[2019.01.25-18.05.25:980][ 33]LogWorld: Bringing World /Game/FirstPersonBP/Maps/UEDPIE_0_FirstPersonExampleMap.FirstPersonExampleMap up for play (max tick rate 0) at 2019.01.25-18.05.25
[2019.01.25-18.05.25:981][ 33]LogWorld: Bringing up level for play took: 0.002942
[2019.01.25-18.05.25:995][ 33]PIE: Play in editor start time for /Game/FirstPersonBP/Maps/UEDPIE_0_FirstPersonExampleMap -0.134
[2019.01.25-18.05.25:995][ 33]LogBlueprintUserMessages: Late PlayInEditor Detection: Level '/Game/FirstPersonBP/Maps/FirstPersonExampleMap.FirstPersonExampleMap:PersistentLevel' has LevelScriptBlueprint '/Game/FirstPersonBP/Maps/FirstPersonExampleMap.FirstPersonExampleMap:PersistentLevel.FirstPersonExampleMap' with GeneratedClass '/Game/FirstPersonBP/Maps/FirstPersonExampleMap.FirstPersonExampleMap_C' with ClassGeneratedBy '/Game/FirstPersonBP/Maps/FirstPersonExampleMap.FirstPersonExampleMap:PersistentLevel.FirstPersonExampleMap'
[2019.01.25-18.05.33:715][952]LogBlueprintUserMessages: Early EndPlayMap Detection: Level '/Game/FirstPersonBP/Maps/FirstPersonExampleMap.FirstPersonExampleMap:PersistentLevel' has LevelScriptBlueprint '/Game/FirstPersonBP/Maps/FirstPersonExampleMap.FirstPersonExampleMap:PersistentLevel.FirstPersonExampleMap' with GeneratedClass '/Game/FirstPersonBP/Maps/FirstPersonExampleMap.FirstPersonExampleMap_C' with ClassGeneratedBy '/Game/FirstPersonBP/Maps/FirstPersonExampleMap.FirstPersonExampleMap:PersistentLevel.FirstPersonExampleMap'
[2019.01.25-18.05.33:715][952]LogSlate: Updating window title bar state: overlay mode, drag disabled, window buttons hidden, title bar hidden
[2019.01.25-18.05.33:752][952]LogPlayLevel: Display: Shutting down PIE online subsystems
[2019.01.25-18.05.33:752][952]LogBlueprintUserMessages: Late EndPlayMap Detection: Level '/Game/FirstPersonBP/Maps/FirstPersonExampleMap.FirstPersonExampleMap:PersistentLevel' has LevelScriptBlueprint '/Game/FirstPersonBP/Maps/FirstPersonExampleMap.FirstPersonExampleMap:PersistentLevel.FirstPersonExampleMap' with GeneratedClass '/Game/FirstPersonBP/Maps/FirstPersonExampleMap.FirstPersonExampleMap_C' with ClassGeneratedBy '/Game/FirstPersonBP/Maps/FirstPersonExampleMap.FirstPersonExampleMap:PersistentLevel.FirstPersonExampleMap'
[2019.01.25-18.05.33:810][952]LogSlate: Updating window title bar state: overlay mode, drag disabled, window buttons hidden, title bar hidden
[2019.01.25-18.05.33:836][953]LogPlayLevel: Display: Destroying online subsystem :Context_5
[2019.01.25-18.05.40:300][728]LogSlate: FSceneViewport::OnFocusLost() reason 0
[2019.01.25-18.06.02:535][332]Cmd: DELETE
[2019.01.25-18.06.02:535][332]Cmd: ACTOR DELETE
[2019.01.25-18.06.02:541][332]LogEditorActor: Deleted Actor: SkeletalMeshActor
[2019.01.25-18.06.02:575][332]LogEditorActor: Deleted 1 Actors (0.039 secs)
[2019.01.25-18.06.03:454][437]LogSlate: FSceneViewport::OnFocusLost() reason 0
[2019.01.25-18.09.31:583][349]LogSlate: Window 'Save Content' being destroyed
[2019.01.25-18.09.31:678][349]LogSavePackage: Moving '../../../../../../Users/f011369h/Documents/Unreal Projects/GamesJam2019/Saved/FirstPersonCharacter7D73581D4FB4376BDB0EE08F4AD2589E.tmp' to '../../../../../../Users/f011369h/Documents/Unreal Projects/GamesJam2019/Content/FirstPersonBP/Blueprints/FirstPersonCharacter.uasset'
[2019.01.25-18.09.32:270][349]LogSavePackage: Moving '../../../../../../Users/f011369h/Documents/Unreal Projects/GamesJam2019/Saved/FirstPersonExampleMap10278C8F48B9E3409808429936F8BBD6.tmp' to '../../../../../../Users/f011369h/Documents/Unreal Projects/GamesJam2019/Content/FirstPersonBP/Maps/FirstPersonExampleMap.umap'
[2019.01.25-18.09.32:332][349]LogFileHelpers: Saving map 'FirstPersonExampleMap' took 0.641
[2019.01.25-18.09.32:459][349]LogSlate: Window 'FirstPersonCharacter' being destroyed
[2019.01.25-18.09.32:548][349]LogSlate: Window 'GameJam2019 - Unreal Editor' being destroyed
[2019.01.25-18.09.32:549][349]LogWindowsTextInputMethodSystem: Display: IME system now deactivated.
[2019.01.25-18.09.32:784][350]Cmd: QUIT_EDITOR
[2019.01.25-18.09.33:530][350]LogExit: Preparing to exit.
[2019.01.25-18.09.34:652][350]LogExit: Editor shut down
[2019.01.25-18.09.34:653][350]LogExit: Transaction tracking system shut down
[2019.01.25-18.09.35:447][350]LogExit: Object subsystem successfully closed.
[2019.01.25-18.09.35:479][350]LogShaderCompilers: Display: Shaders left to compile 0
[2019.01.25-18.09.35:485][350]LogD3D11RHI: Shutdown
[2019.01.25-18.09.35:486][350]LogD3D11RHI: CleanupD3DDevice
[2019.01.25-18.09.35:489][350]LogD3D11RHI: ~FD3D11DynamicRHI
[2019.01.25-18.09.35:579][350]LogModuleManager: Shutting down and abandoning module MovieSceneCapture (616)
[2019.01.25-18.09.35:579][350]LogModuleManager: Shutting down and abandoning module Voice (614)
[2019.01.25-18.09.35:579][350]LogModuleManager: Shutting down and abandoning module BlueprintGraph (612)
[2019.01.25-18.09.35:579][350]LogModuleManager: Shutting down and abandoning module HierarchicalLODOutliner (610)
[2019.01.25-18.09.35:579][350]LogModuleManager: Shutting down and abandoning module SceneOutliner (608)
[2019.01.25-18.09.35:580][350]LogModuleManager: Shutting down and abandoning module AddContentDialog (606)
[2019.01.25-18.09.35:581][350]LogModuleManager: Shutting down and abandoning module WidgetCarousel (605)
[2019.01.25-18.09.35:581][350]LogModuleManager: Shutting down and abandoning module EditorWidgets (602)
[2019.01.25-18.09.35:581][350]LogModuleManager: Shutting down and abandoning module CollectionManager (600)
[2019.01.25-18.09.35:581][350]LogModuleManager: Shutting down and abandoning module StatsViewer (598)
[2019.01.25-18.09.35:581][350]LogModuleManager: Shutting down and abandoning module FoliageEdit (596)
[2019.01.25-18.09.35:581][350]LogModuleManager: Shutting down and abandoning module LandscapeEditor (594)
[2019.01.25-18.09.35:582][350]LogModuleManager: Shutting down and abandoning module MeshPaintMode (592)
[2019.01.25-18.09.35:582][350]LogModuleManager: Shutting down and abandoning module SceneDepthPickerMode (590)
[2019.01.25-18.09.35:582][350]LogModuleManager: Shutting down and abandoning module ActorPickerMode (588)
[2019.01.25-18.09.35:582][350]LogModuleManager: Shutting down and abandoning module GeometryMode (586)
[2019.01.25-18.09.35:582][350]LogModuleManager: Shutting down and abandoning module TextureAlignMode (584)
[2019.01.25-18.09.35:582][350]LogModuleManager: Shutting down and abandoning module BspMode (582)
[2019.01.25-18.09.35:582][350]LogModuleManager: Shutting down and abandoning module PIEPreviewDeviceProfileSelector (580)
[2019.01.25-18.09.35:582][350]LogModuleManager: Shutting down and abandoning module SequenceRecorderSections (578)
[2019.01.25-18.09.35:582][350]LogModuleManager: Shutting down and abandoning module AutomationWorker (576)
[2019.01.25-18.09.35:582][350]LogModuleManager: Shutting down and abandoning module AudioCaptureEditor (574)
[2019.01.25-18.09.35:582][350]LogModuleManager: Shutting down and abandoning module SequenceRecorder (573)
[2019.01.25-18.09.35:582][350]LogModuleManager: Shutting down and abandoning module MatineeToLevelSequence (570)
[2019.01.25-18.09.35:582][350]LogModuleManager: Shutting down and abandoning module LevelSequenceEditor (568)
[2019.01.25-18.09.35:583][350]LogModuleManager: Shutting down and abandoning module PlacementMode (567)
[2019.01.25-18.09.35:583][350]LogModuleManager: Shutting down and abandoning module MaterialEditor (566)
[2019.01.25-18.09.35:583][350]LogModuleManager: Shutting down and abandoning module WmfMediaFactory (562)
[2019.01.25-18.09.35:583][350]LogModuleManager: Shutting down and abandoning module WmfMediaEditor (560)
[2019.01.25-18.09.35:583][350]LogModuleManager: Shutting down and abandoning module MediaPlayerEditor (558)
[2019.01.25-18.09.35:583][350]LogModuleManager: Shutting down and abandoning module OpenExrWrapper (556)
[2019.01.25-18.09.35:583][350]LogModuleManager: Shutting down and abandoning module ImgMediaFactory (554)
[2019.01.25-18.09.35:583][350]LogModuleManager: Shutting down and abandoning module ImgMediaEditor (552)
[2019.01.25-18.09.35:583][350]LogModuleManager: Shutting down and abandoning module AvfMediaFactory (550)
[2019.01.25-18.09.35:583][350]LogModuleManager: Shutting down and abandoning module AvfMediaEditor (548)
[2019.01.25-18.09.35:583][350]LogModuleManager: Shutting down and abandoning module AndroidMediaFactory (546)
[2019.01.25-18.09.35:583][350]LogModuleManager: Shutting down and abandoning module AndroidMediaEditor (544)
[2019.01.25-18.09.35:583][350]LogModuleManager: Shutting down and abandoning module MagicLeapCameraPreviewFactory (542)
[2019.01.25-18.09.35:583][350]LogModuleManager: Shutting down and abandoning module MagicLeapMediaFactory (540)
[2019.01.25-18.09.35:583][350]LogModuleManager: Shutting down and abandoning module MagicLeapMediaEditor (538)
[2019.01.25-18.09.35:583][350]LogModuleManager: Shutting down and abandoning module CharacterAI (536)
[2019.01.25-18.09.35:584][350]LogModuleManager: Shutting down and abandoning module SmartSnapping (534)
[2019.01.25-18.09.35:584][350]LogModuleManager: Shutting down and abandoning module SessionServices (532)
[2019.01.25-18.09.35:584][350]LogModuleManager: Shutting down and abandoning module ViewportSnapping (530)
[2019.01.25-18.09.35:584][350]LogModuleManager: Shutting down and abandoning module ViewportInteraction (528)
[2019.01.25-18.09.35:584][350]LogModuleManager: Shutting down and abandoning module ClothPainter (526)
[2019.01.25-18.09.35:584][350]LogModuleManager: Shutting down and abandoning module SkeletalMeshEditor (525)
[2019.01.25-18.09.35:584][350]LogModuleManager: Shutting down and abandoning module LogVisualizer (522)
[2019.01.25-18.09.35:584][350]LogModuleManager: Shutting down and abandoning module IntroTutorials (520)
[2019.01.25-18.09.35:584][350]LogModuleManager: Shutting down and abandoning module GameProjectGeneration (519)
[2019.01.25-18.09.35:584][350]LogModuleManager: Shutting down and abandoning module LuminPlatformEditor (516)
[2019.01.25-18.09.35:584][350]LogModuleManager: Shutting down and abandoning module IOSPlatformEditor (514)
[2019.01.25-18.09.35:584][350]LogModuleManager: Shutting down and abandoning module HTML5PlatformEditor (512)
[2019.01.25-18.09.35:585][350]LogModuleManager: Shutting down and abandoning module AndroidPlatformEditor (510)
[2019.01.25-18.09.35:585][350]LogModuleManager: Shutting down and abandoning module AndroidDeviceDetection (509)
[2019.01.25-18.09.36:200][350]LogModuleManager: Shutting down and abandoning module WindowsPlatformEditor (506)
[2019.01.25-18.09.36:200][350]LogModuleManager: Shutting down and abandoning module LuminRuntimeSettings (504)
[2019.01.25-18.09.36:200][350]LogModuleManager: Shutting down and abandoning module IOSRuntimeSettings (502)
[2019.01.25-18.09.36:200][350]LogModuleManager: Shutting down and abandoning module AndroidRuntimeSettings (500)
[2019.01.25-18.09.36:200][350]LogModuleManager: Shutting down and abandoning module InputBindingEditor (498)
[2019.01.25-18.09.36:200][350]LogModuleManager: Shutting down and abandoning module MergeActors (496)
[2019.01.25-18.09.36:200][350]LogModuleManager: Shutting down and abandoning module LocalizationDashboard (494)
[2019.01.25-18.09.36:200][350]LogModuleManager: Shutting down and abandoning module LocalizationService (493)
[2019.01.25-18.09.36:200][350]LogModuleManager: Shutting down and abandoning module HardwareTargeting (490)
[2019.01.25-18.09.36:201][350]LogModuleManager: Shutting down and abandoning module DeviceProfileEditor (488)
[2019.01.25-18.09.36:201][350]LogModuleManager: Shutting down and abandoning module UndoHistory (486)
[2019.01.25-18.09.36:201][350]LogModuleManager: Shutting down and abandoning module XmlParser (484)
[2019.01.25-18.09.36:201][350]LogModuleManager: Shutting down and abandoning module Blutility (482)
[2019.01.25-18.09.36:201][350]LogModuleManager: Shutting down and abandoning module ProjectSettingsViewer (480)
[2019.01.25-18.09.36:201][350]LogModuleManager: Shutting down and abandoning module ProjectTargetPlatformEditor (479)
[2019.01.25-18.09.36:201][350]LogModuleManager: Shutting down and abandoning module EditorSettingsViewer (476)
[2019.01.25-18.09.36:201][350]LogModuleManager: Shutting down and abandoning module SettingsEditor (474)
[2019.01.25-18.09.36:201][350]LogModuleManager: Shutting down and abandoning module ProjectLauncher (472)
[2019.01.25-18.09.36:201][350]LogModuleManager: Shutting down and abandoning module SessionFrontend (470)
[2019.01.25-18.09.36:202][350]LogModuleManager: Shutting down and abandoning module ProfilerClient (468)
[2019.01.25-18.09.36:202][350]LogModuleManager: Shutting down and abandoning module DeviceManager (466)
[2019.01.25-18.09.36:202][350]LogModuleManager: Shutting down and abandoning module TargetDeviceServices (465)
[2019.01.25-18.09.36:267][350]LogModuleManager: Shutting down and abandoning module AutomationController (462)
[2019.01.25-18.09.36:267][350]LogModuleManager: Shutting down and abandoning module AutomationWindow (460)
[2019.01.25-18.09.36:267][350]LogModuleManager: Shutting down and abandoning module Layers (458)
[2019.01.25-18.09.36:267][350]LogModuleManager: Shutting down and abandoning module ComponentVisualizers (456)
[2019.01.25-18.09.36:267][350]LogModuleManager: Shutting down and abandoning module DetailCustomizations (454)
[2019.01.25-18.09.36:267][350]LogModuleManager: Shutting down and abandoning module PackagesDialog (452)
[2019.01.25-18.09.36:267][350]LogModuleManager: Shutting down and abandoning module Persona (450)
[2019.01.25-18.09.36:268][350]LogModuleManager: Shutting down and abandoning module AdvancedPreviewScene (449)
[2019.01.25-18.09.36:268][350]LogModuleManager: Shutting down and abandoning module AnimGraph (447)
[2019.01.25-18.09.36:268][350]LogModuleManager: Shutting down and abandoning module Kismet (444)
[2019.01.25-18.09.36:278][350]LogModuleManager: Shutting down and abandoning module GraphEditor (442)
[2019.01.25-18.09.36:279][350]LogModuleManager: Shutting down and abandoning module ClassViewer (440)
[2019.01.25-18.09.36:279][350]LogModuleManager: Shutting down and abandoning module Toolbox (438)
[2019.01.25-18.09.36:279][350]LogModuleManager: Shutting down and abandoning module ModuleUI (436)
[2019.01.25-18.09.36:279][350]LogModuleManager: Shutting down and abandoning module MovieSceneTools (434)
[2019.01.25-18.09.36:279][350]LogModuleManager: Shutting down and abandoning module OutputLog (432)
[2019.01.25-18.09.36:279][350]LogModuleManager: Shutting down and abandoning module GammaUI (430)
[2019.01.25-18.09.36:279][350]LogModuleManager: Shutting down and abandoning module Documentation (428)
[2019.01.25-18.09.36:279][350]LogModuleManager: Shutting down and abandoning module MovieSceneTracks (426)
[2019.01.25-18.09.36:279][350]LogModuleManager: Shutting down and abandoning module MovieScene (424)
[2019.01.25-18.09.36:280][350]LogModuleManager: Shutting down and abandoning module StreamingPauseRendering (422)
[2019.01.25-18.09.36:280][350]LogModuleManager: Shutting down and abandoning module LauncherPlatform (420)
[2019.01.25-18.09.36:280][350]LogModuleManager: Shutting down and abandoning module AnalyticsET (418)
[2019.01.25-18.09.36:280][350]LogModuleManager: Shutting down and abandoning module PortalServices (416)
[2019.01.25-18.09.36:280][350]LogModuleManager: Shutting down and abandoning module PortalRpc (414)
[2019.01.25-18.09.36:280][350]LogModuleManager: Shutting down and abandoning module MessagingRpc (412)
[2019.01.25-18.09.36:280][350]LogModuleManager: Shutting down and abandoning module AIModule (410)
[2019.01.25-18.09.36:280][350]LogModuleManager: Shutting down and abandoning module GameplayDebugger (409)
[2019.01.25-18.09.36:280][350]LogModuleManager: Shutting down and abandoning module AITestSuite (407)
[2019.01.25-18.09.36:280][350]LogModuleManager: Shutting down and abandoning module NavigationSystem (405)
[2019.01.25-18.09.36:280][350]LogModuleManager: Shutting down and abandoning module DesktopPlatform (402)
[2019.01.25-18.09.36:281][350]LogModuleManager: Shutting down and abandoning module ProfilerService (400)
[2019.01.25-18.09.36:380][350]LogModuleManager: Shutting down and abandoning module TaskGraph (398)
[2019.01.25-18.09.36:380][350]LogModuleManager: Shutting down and abandoning module SteamVRController (396)
[2019.01.25-18.09.36:380][350]LogModuleManager: Shutting down and abandoning module ProceduralMeshComponentEditor (394)
[2019.01.25-18.09.36:380][350]LogModuleManager: Shutting down and abandoning module ProceduralMeshComponent (392)
[2019.01.25-18.09.36:380][350]LogModuleManager: Shutting down and abandoning module OculusInput (390)
[2019.01.25-18.09.36:380][350]LogModuleManager: Shutting down and abandoning module MobilePatchingUtils (388)
[2019.01.25-18.09.36:380][350]LogModuleManager: Shutting down and abandoning module EditableMesh (386)
[2019.01.25-18.09.36:381][350]LogModuleManager: Shutting down and abandoning module CustomMeshComponent (384)
[2019.01.25-18.09.36:381][350]LogModuleManager: Shutting down and abandoning module CableComponent (382)
[2019.01.25-18.09.36:381][350]LogModuleManager: Shutting down and abandoning module AudioCapture (380)
[2019.01.25-18.09.36:381][350]LogModuleManager: Shutting down and abandoning module ArchVisCharacter (378)
[2019.01.25-18.09.36:381][350]LogModuleManager: Shutting down and abandoning module AndroidPermission (376)
[2019.01.25-18.09.36:381][350]LogModuleManager: Shutting down and abandoning module NUTUnrealEngine4 (374)
[2019.01.25-18.09.36:381][350]LogModuleManager: Shutting down and abandoning module NetcodeUnitTest (372)
[2019.01.25-18.09.36:381][350]LogModuleManager: Shutting down and abandoning module MediaCompositingEditor (370)
[2019.01.25-18.09.36:381][350]LogModuleManager: Shutting down and abandoning module MediaCompositing (368)
[2019.01.25-18.09.36:381][350]LogModuleManager: Shutting down and abandoning module LinearTimecode (366)
[2019.01.25-18.09.36:381][350]LogModuleManager: Shutting down and abandoning module ImgMedia (364)
[2019.01.25-18.09.36:388][350]LogModuleManager: Shutting down and abandoning module HTML5Networking (362)
[2019.01.25-18.09.36:389][350]LogModuleManager: Shutting down and abandoning module GeometryCacheTracks (360)
[2019.01.25-18.09.36:389][350]LogModuleManager: Shutting down and abandoning module GeometryCacheSequencer (358)
[2019.01.25-18.09.36:389][350]LogModuleManager: Shutting down and abandoning module BackChannel (356)
[2019.01.25-18.09.36:389][350]LogModuleManager: Shutting down and abandoning module AppleVision (354)
[2019.01.25-18.09.36:389][350]LogModuleManager: Shutting down and abandoning module AppleImageUtils (352)
[2019.01.25-18.09.36:389][350]LogModuleManager: Shutting down and abandoning module AlembicImporter (350)
[2019.01.25-18.09.36:389][350]LogModuleManager: Shutting down and abandoning module AlembicLibrary (349)
[2019.01.25-18.09.36:389][350]LogModuleManager: Shutting down and abandoning module GeometryCache (348)
[2019.01.25-18.09.36:389][350]LogModuleManager: Shutting down and abandoning module GeometryCacheEd (347)
[2019.01.25-18.09.36:389][350]LogModuleManager: Shutting down and abandoning module DatasmithContentEditor (342)
[2019.01.25-18.09.36:389][350]LogModuleManager: Shutting down and abandoning module DatasmithContent (340)
[2019.01.25-18.09.36:391][350]LogModuleManager: Shutting down and abandoning module SpeedTreeImporter (338)
[2019.01.25-18.09.36:391][350]LogModuleManager: Shutting down and abandoning module PluginBrowser (336)
[2019.01.25-18.09.36:391][350]LogModuleManager: Shutting down and abandoning module MobileLauncherProfileWizard (334)
[2019.01.25-18.09.36:391][350]LogModuleManager: Shutting down and abandoning module PolygonModeling (332)
[2019.01.25-18.09.36:391][350]LogModuleManager: Shutting down and abandoning module MeshEditor (330)
[2019.01.25-18.09.36:392][350]LogModuleManager: Shutting down and abandoning module CryptoKeysOpenSSL (328)
[2019.01.25-18.09.36:392][350]LogModuleManager: Shutting down and abandoning module CryptoKeys (326)
[2019.01.25-18.09.36:392][350]LogModuleManager: Shutting down and abandoning module VisualStudioSourceCodeAccess (324)
[2019.01.25-18.09.36:392][350]LogModuleManager: Shutting down and abandoning module VisualStudioCodeSourceCodeAccess (322)
[2019.01.25-18.09.36:392][350]LogModuleManager: Shutting down and abandoning module UObjectPlugin (320)
[2019.01.25-18.09.36:392][350]LogModuleManager: Shutting down and abandoning module SubversionSourceControl (318)
[2019.01.25-18.09.36:392][350]LogModuleManager: Shutting down and abandoning module PerforceSourceControl (316)
[2019.01.25-18.09.36:392][350]LogModuleManager: Shutting down and abandoning module GitSourceControl (314)
[2019.01.25-18.09.36:392][350]LogModuleManager: Shutting down and abandoning module SourceControl (313)
[2019.01.25-18.09.36:392][350]LogModuleManager: Shutting down and abandoning module CLionSourceCodeAccess (310)
[2019.01.25-18.09.36:392][350]LogModuleManager: Shutting down and abandoning module LightPropagationVolumeEditor (308)
[2019.01.25-18.09.36:392][350]LogModuleManager: Shutting down and abandoning module PaperTiledImporter (306)
[2019.01.25-18.09.36:392][350]LogModuleManager: Shutting down and abandoning module PaperSpriteSheetImporter (304)
[2019.01.25-18.09.36:393][350]LogModuleManager: Shutting down and abandoning module Paper2DEditor (302)
[2019.01.25-18.09.36:393][350]LogModuleManager: Shutting down and abandoning module MeshPaint (301)
[2019.01.25-18.09.36:393][350]LogModuleManager: Shutting down and abandoning module RuntimePhysXCooking (298)
[2019.01.25-18.09.36:393][350]LogModuleManager: Shutting down and abandoning module PhysXVehiclesEditor (296)
[2019.01.25-18.09.36:393][350]LogModuleManager: Shutting down and abandoning module PhysXVehicles (294)
[2019.01.25-18.09.36:393][350]LogModuleManager: Shutting down and abandoning module OculusEditor (292)
[2019.01.25-18.09.36:393][350]LogModuleManager: Shutting down and abandoning module LocationServicesBPLibrary (290)
[2019.01.25-18.09.36:393][350]LogModuleManager: Shutting down and abandoning module ImmediatePhysicsEditor (288)
[2019.01.25-18.09.36:393][350]LogModuleManager: Shutting down and abandoning module ImmediatePhysics (286)
[2019.01.25-18.09.36:393][350]LogModuleManager: Shutting down and abandoning module ActorSequence (284)
[2019.01.25-18.09.36:393][350]LogModuleManager: Shutting down and abandoning module UdpMessaging (282)
[2019.01.25-18.09.36:494][350]LogModuleManager: Shutting down and abandoning module TcpMessaging (280)
[2019.01.25-18.09.36:595][350]LogModuleManager: Shutting down and abandoning module MagicLeapAudio (278)
[2019.01.25-18.09.36:595][350]LogModuleManager: Shutting down and abandoning module GameplayTagsEditor (276)
[2019.01.25-18.09.36:595][350]LogModuleManager: Shutting down and abandoning module FacialAnimationEditor (274)
[2019.01.25-18.09.36:595][350]LogModuleManager: Shutting down and abandoning module FacialAnimation (272)
[2019.01.25-18.09.36:595][350]LogModuleManager: Shutting down and abandoning module DataValidation (270)
[2019.01.25-18.09.36:595][350]LogModuleManager: Shutting down and abandoning module AssetManagerEditor (268)
[2019.01.25-18.09.36:595][350]LogModuleManager: Shutting down and abandoning module LevelEditor (267)
[2019.01.25-18.09.36:597][350]LogModuleManager: Shutting down and abandoning module PixelInspectorModule (266)
[2019.01.25-18.09.36:597][350]LogModuleManager: Shutting down and abandoning module CommonMenuExtensions (264)
[2019.01.25-18.09.36:597][350]LogModuleManager: Shutting down and abandoning module MainFrame (262)
[2019.01.25-18.09.36:598][350]LogModuleManager: Shutting down and abandoning module HotReload (261)
[2019.01.25-18.09.36:599][350]LogModuleManager: Shutting down and abandoning module ContentBrowser (257)
[2019.01.25-18.09.36:601][350]LogModuleManager: Shutting down and abandoning module TreeMap (255)
[2019.01.25-18.09.36:601][350]LogModuleManager: Shutting down and abandoning module LightPropagationVolumeRuntime (252)
[2019.01.25-18.09.36:601][350]LogModuleManager: Shutting down and abandoning module AISupportModule (250)
[2019.01.25-18.09.36:601][350]LogModuleManager: Shutting down and abandoning module Paper2D (248)
[2019.01.25-18.09.36:601][350]LogModuleManager: Shutting down and abandoning module WindowsMoviePlayer (246)
[2019.01.25-18.09.36:601][350]LogModuleManager: Shutting down and abandoning module WmfMedia (244)
[2019.01.25-18.09.36:604][350]LogModuleManager: Shutting down and abandoning module Media (243)
[2019.01.25-18.09.36:611][350]LogModuleManager: Shutting down and abandoning module PacketHandler (240)
[2019.01.25-18.09.36:611][350]LogModuleManager: Shutting down and abandoning module ClothingSystemEditor (238)
[2019.01.25-18.09.36:611][350]LogModuleManager: Shutting down and abandoning module ClothingSystemRuntime (236)
[2019.01.25-18.09.36:611][350]LogModuleManager: Shutting down and abandoning module MediaAssets (234)
[2019.01.25-18.09.36:611][350]LogModuleManager: Shutting down and abandoning module Overlay (232)
[2019.01.25-18.09.36:611][350]LogModuleManager: Shutting down and abandoning module OverlayEditor (231)
[2019.01.25-18.09.36:611][350]LogModuleManager: Shutting down and abandoning module VREditor (228)
[2019.01.25-18.09.36:611][350]LogModuleManager: Shutting down and abandoning module StringTableEditor (226)
[2019.01.25-18.09.36:611][350]LogModuleManager: Shutting down and abandoning module GameplayTasksEditor (224)
[2019.01.25-18.09.36:611][350]LogModuleManager: Shutting down and abandoning module BehaviorTreeEditor (222)
[2019.01.25-18.09.36:611][350]LogModuleManager: Shutting down and abandoning module FunctionalTesting (220)
[2019.01.25-18.09.36:611][350]LogModuleManager: Shutting down and abandoning module CollisionAnalyzer (218)
[2019.01.25-18.09.36:611][350]LogModuleManager: Shutting down and abandoning module WorkspaceMenuStructure (217)
[2019.01.25-18.09.36:611][350]LogModuleManager: Shutting down and abandoning module UMG (214)
[2019.01.25-18.09.36:612][350]LogModuleManager: Shutting down and abandoning module UMGEditor (213)
[2019.01.25-18.09.36:612][350]LogModuleManager: Shutting down and abandoning module Sequencer (212)
[2019.01.25-18.09.36:612][350]LogModuleManager: Shutting down and abandoning module MessageLog (209)
[2019.01.25-18.09.36:612][350]LogModuleManager: Shutting down and abandoning module SlateReflector (204)
[2019.01.25-18.09.36:612][350]LogModuleManager: Shutting down and abandoning module Slate (202)
[2019.01.25-18.09.36:612][350]LogModuleManager: Shutting down and abandoning module EditorStyle (200)
[2019.01.25-18.09.36:618][350]LogModuleManager: Shutting down and abandoning module MRMesh (198)
[2019.01.25-18.09.36:618][350]LogModuleManager: Shutting down and abandoning module SourceCodeAccess (196)
[2019.01.25-18.09.36:618][350]LogModuleManager: Shutting down and abandoning module HeadMountedDisplay (194)
[2019.01.25-18.09.36:618][350]LogModuleManager: Shutting down and abandoning module XAudio2 (192)
[2019.01.25-18.09.36:618][350]LogModuleManager: Shutting down and abandoning module Networking (190)
[2019.01.25-18.09.36:618][350]LogModuleManager: Shutting down and abandoning module Core (188)
[2019.01.25-18.09.36:618][350]LogModuleManager: Shutting down and abandoning module LevelSequence (186)
[2019.01.25-18.09.36:618][350]LogModuleManager: Shutting down and abandoning module KismetCompiler (184)
[2019.01.25-18.09.36:618][350]LogModuleManager: Shutting down and abandoning module MeshUtilities (182)
[2019.01.25-18.09.36:619][350]LogModuleManager: Shutting down and abandoning module MeshMergeUtilities (181)
[2019.01.25-18.09.36:619][350]LogModuleManager: Shutting down and abandoning module MeshReductionInterface (180)
[2019.01.25-18.09.36:619][350]LogModuleManager: Shutting down and abandoning module SimplygonSwarm (179)
[2019.01.25-18.09.36:619][350]LogModuleManager: Shutting down and abandoning module ProxyLODMeshReduction (177)
[2019.01.25-18.09.36:619][350]LogModuleManager: Shutting down and abandoning module SimplygonMeshReduction (175)
[2019.01.25-18.09.36:619][350]LogModuleManager: Shutting down and abandoning module QuadricMeshReduction (173)
[2019.01.25-18.09.36:619][350]LogModuleManager: Shutting down and abandoning module MaterialBaking (169)
[2019.01.25-18.09.36:620][350]LogModuleManager: Shutting down and abandoning module DirectoryWatcher (165)
[2019.01.25-18.09.36:620][350]LogModuleManager: Shutting down and abandoning module DerivedDataCache (162)
[2019.01.25-18.09.36:678][350]LogDerivedDataCache: Shutdown
[2019.01.25-18.09.36:678][350]LogModuleManager: Shutting down and abandoning module XGEController (160)
[2019.01.25-18.09.36:678][350]LogModuleManager: Shutting down and abandoning module TargetPlatform (158)
[2019.01.25-18.09.36:678][350]LogModuleManager: Shutting down and abandoning module VulkanShaderFormat (157)
[2019.01.25-18.09.36:678][350]LogModuleManager: Shutting down and abandoning module ShaderFormatVectorVM (155)
[2019.01.25-18.09.36:678][350]LogModuleManager: Shutting down and abandoning module ShaderFormatOpenGL (153)
[2019.01.25-18.09.36:678][350]LogModuleManager: Shutting down and abandoning module ShaderFormatD3D (151)
[2019.01.25-18.09.36:678][350]LogModuleManager: Shutting down and abandoning module MetalShaderFormat (149)
[2019.01.25-18.09.36:679][350]LogModuleManager: Shutting down and abandoning module TextureFormatUncompressed (147)
[2019.01.25-18.09.36:679][350]LogModuleManager: Shutting down and abandoning module TextureFormatPVR (145)
[2019.01.25-18.09.36:679][350]LogModuleManager: Shutting down and abandoning module TextureFormatDXT (143)
[2019.01.25-18.09.36:679][350]LogModuleManager: Shutting down and abandoning module TextureFormatIntelISPCTexComp (141)
[2019.01.25-18.09.36:679][350]LogModuleManager: Shutting down and abandoning module TextureFormatASTC (139)
[2019.01.25-18.09.36:679][350]LogModuleManager: Shutting down and abandoning module ImageWrapper (138)
[2019.01.25-18.09.36:679][350]LogModuleManager: Shutting down and abandoning module TextureFormatAndroid (135)
[2019.01.25-18.09.36:679][350]LogModuleManager: Shutting down and abandoning module AudioFormatOpus (133)
[2019.01.25-18.09.36:679][350]LogModuleManager: Shutting down and abandoning module AudioFormatOgg (131)
[2019.01.25-18.09.36:679][350]LogModuleManager: Shutting down and abandoning module AudioFormatADPCM (129)
[2019.01.25-18.09.36:679][350]LogModuleManager: Shutting down and abandoning module LuminTargetPlatform (127)
[2019.01.25-18.09.36:679][350]LogModuleManager: Shutting down and abandoning module LinuxTargetPlatform (125)
[2019.01.25-18.09.36:679][350]LogModuleManager: Shutting down and abandoning module LinuxServerTargetPlatform (123)
[2019.01.25-18.09.36:679][350]LogModuleManager: Shutting down and abandoning module LinuxNoEditorTargetPlatform (121)
[2019.01.25-18.09.36:679][350]LogModuleManager: Shutting down and abandoning module LinuxClientTargetPlatform (119)
[2019.01.25-18.09.36:679][350]LogModuleManager: Shutting down and abandoning module TVOSTargetPlatform (117)
[2019.01.25-18.09.36:681][350]LogModuleManager: Shutting down and abandoning module Messaging (115)
[2019.01.25-18.09.36:681][350]LogModuleManager: Shutting down and abandoning module IOSTargetPlatform (113)
[2019.01.25-18.09.36:692][350]LogModuleManager: Shutting down and abandoning module HTML5TargetPlatform (111)
[2019.01.25-18.09.36:692][350]LogModuleManager: Shutting down and abandoning module AndroidTargetPlatform (109)
[2019.01.25-18.09.36:705][350]LogModuleManager: Shutting down and abandoning module WindowsTargetPlatform (107)
[2019.01.25-18.09.36:706][350]LogModuleManager: Shutting down and abandoning module WindowsServerTargetPlatform (105)
[2019.01.25-18.09.36:706][350]LogModuleManager: Shutting down and abandoning module WindowsNoEditorTargetPlatform (103)
[2019.01.25-18.09.36:706][350]LogModuleManager: Shutting down and abandoning module WindowsClientTargetPlatform (101)
[2019.01.25-18.09.36:706][350]LogModuleManager: Shutting down and abandoning module MacTargetPlatform (99)
[2019.01.25-18.09.36:706][350]LogModuleManager: Shutting down and abandoning module MacServerTargetPlatform (97)
[2019.01.25-18.09.36:706][350]LogModuleManager: Shutting down and abandoning module MacNoEditorTargetPlatform (95)
[2019.01.25-18.09.36:706][350]LogModuleManager: Shutting down and abandoning module MacClientTargetPlatform (93)
[2019.01.25-18.09.36:706][350]LogModuleManager: Shutting down and abandoning module AllDesktopTargetPlatform (91)
[2019.01.25-18.09.36:706][350]LogModuleManager: Shutting down and abandoning module InputCore (88)
[2019.01.25-18.09.36:706][350]LogModuleManager: Shutting down and abandoning module Settings (86)
[2019.01.25-18.09.36:706][350]LogModuleManager: Shutting down and abandoning module PhysXCooking (84)
[2019.01.25-18.09.36:706][350]LogModuleManager: Shutting down and abandoning module SteamVR (82)
[2019.01.25-18.09.36:706][350]LogModuleManager: Shutting down and abandoning module OculusHMD (80)
[2019.01.25-18.09.36:706][350]LogModuleManager: Shutting down and abandoning module ExampleDeviceProfileSelector (78)
[2019.01.25-18.09.36:706][350]LogModuleManager: Shutting down and abandoning module LauncherChunkInstaller (76)
[2019.01.25-18.09.36:706][350]LogModuleManager: Shutting down and abandoning module OnlineBlueprintSupport (74)
[2019.01.25-18.09.36:706][350]LogModuleManager: Shutting down and abandoning module OnlineSubsystem (70)
[2019.01.25-18.09.36:708][350]LogModuleManager: Shutting down and abandoning module XMPP (65)
[2019.01.25-18.09.36:708][350]LogModuleManager: Shutting down and abandoning module WebSockets (64)
[2019.01.25-18.09.36:732][350]LogModuleManager: Shutting down and abandoning module HTTP (61)
[2019.01.25-18.09.36:732][350]LogHttp: Display: Http module shutting down, but needs to wait on 1 outstanding Http requests:
[2019.01.25-18.09.36:732][350]LogHttp: Display: 	verb=[POST] url=[https://datarouter.ol.epicgames.com/datarouter/api/v1/public/data?SessionID=%7BDB05E901-4A8B-6AEA-520A-1C8AAAA9A7C1%7D&AppID=UEEditor.Rocket.Release&AppVersion=4.20.3-4369336%2B%2B%2BUE4%2BRelease-4.20&UserID=e99d61be42628f37e9c0d5bb2a09a9f8%7C%7C286b21f8-ccc2-4f4c-9698-1330877a7b1c&AppEnvironment=datacollector-binary&UploadType=eteventstream] status=Processing
[2019.01.25-18.09.36:748][350]LogModuleManager: Shutting down and abandoning module SSL (60)
[2019.01.25-18.09.36:751][350]LogModuleManager: Shutting down and abandoning module MagicLeapEmulator (56)
[2019.01.25-18.09.36:751][350]LogModuleManager: Shutting down and abandoning module MagicLeapPrivileges (54)
[2019.01.25-18.09.36:751][350]LogModuleManager: Shutting down and abandoning module MagicLeapIdentity (52)
[2019.01.25-18.09.36:751][350]LogModuleManager: Shutting down and abandoning module MagicLeapHelperVulkan (50)
[2019.01.25-18.09.36:751][350]LogModuleManager: Shutting down and abandoning module MagicLeapHelperOpenGL (48)
[2019.01.25-18.09.36:751][350]LogModuleManager: Shutting down and abandoning module MagicLeapSecureStorage (46)
[2019.01.25-18.09.36:751][350]LogModuleManager: Shutting down and abandoning module MagicLeapGestures (44)
[2019.01.25-18.09.36:751][350]LogModuleManager: Shutting down and abandoning module MagicLeapEyeTracker (42)
[2019.01.25-18.09.36:751][350]LogModuleManager: Shutting down and abandoning module MagicLeapController (40)
[2019.01.25-18.09.36:752][350]LogSlate: Slate User Destroyed.  User Index 0, Is Virtual User: 0
[2019.01.25-18.09.36:752][350]LogModuleManager: Shutting down and abandoning module MagicLeap (38)
[2019.01.25-18.09.36:752][350]LogModuleManager: Shutting down and abandoning module AnimationModifiers (36)
[2019.01.25-18.09.36:752][350]LogModuleManager: Shutting down and abandoning module PropertyEditor (35)
[2019.01.25-18.09.36:752][350]LogModuleManager: Shutting down and abandoning module AudioEditor (32)
[2019.01.25-18.09.36:752][350]LogModuleManager: Shutting down and abandoning module TextureCompressor (30)
[2019.01.25-18.09.36:753][350]LogModuleManager: Shutting down and abandoning module ShaderCore (28)
[2019.01.25-18.09.36:753][350]LogModuleManager: Shutting down and abandoning module Landscape (26)
[2019.01.25-18.09.36:753][350]LogModuleManager: Shutting down and abandoning module SlateRHIRenderer (24)
[2019.01.25-18.09.36:754][350]LogModuleManager: Shutting down and abandoning module OpenGLDrv (22)
[2019.01.25-18.09.36:754][350]LogModuleManager: Shutting down and abandoning module D3D11RHI (20)
[2019.01.25-18.09.36:754][350]LogModuleManager: Shutting down and abandoning module AnimGraphRuntime (18)
[2019.01.25-18.09.36:755][350]LogModuleManager: Shutting down and abandoning module Renderer (16)
[2019.01.25-18.09.36:755][350]LogModuleManager: Shutting down and abandoning module Engine (14)
[2019.01.25-18.09.36:755][350]LogModuleManager: Shutting down and abandoning module CoreUObject (12)
[2019.01.25-18.09.36:755][350]LogModuleManager: Shutting down and abandoning module NetworkFile (10)
[2019.01.25-18.09.36:755][350]LogModuleManager: Shutting down and abandoning module CookedIterativeFile (8)
[2019.01.25-18.09.36:755][350]LogModuleManager: Shutting down and abandoning module StreamingFile (6)
[2019.01.25-18.09.36:755][350]LogModuleManager: Shutting down and abandoning module SandboxFile (4)
[2019.01.25-18.09.36:755][350]LogModuleManager: Shutting down and abandoning module PakFile (2)
[2019.01.25-18.09.36:770][350]LogExit: Exiting.
[2019.01.25-18.09.36:808][350]Log file closed, 01/25/19 18:09:36
